<?xml version="1.0" encoding="UTF-8"?>
<testsuite xmlns:xsi="http://www.w3.org/2001/XMLSchema-instance" xsi:noNamespaceSchemaLocation="https://maven.apache.org/surefire/maven-surefire-plugin/xsd/surefire-test-report-3.0.xsd" version="3.0" name="com.example.erudio.integrationtests.controllers.withjson.BookControllerJsonTest" time="1.23" tests="7" errors="0" skipped="0" failures="0">
  <properties>
[...]
</properties>
  <testcase name="createTest" classname="com.example.erudio.integrationtests.controllers.withjson.BookControllerJsonTest" time="0.216">
    <system-out><![CDATA[2026-08-03T17:23:18.221-03:00  INFO 9368 --- [rest-with-spring-boot-and-java-erudio] [           main] t.c.s.AnnotationConfigContextLoaderUtils : Could not detect default configuration classes for test class [com.example.erudio.integrationtests.testcontainers.AbstractIntegrationTest]: AbstractIntegrationTest does not declare any static, non-private, non-final, nested classes annotated with @Configuration.
2026-08-03T17:23:18.308-03:00  INFO 9368 --- [rest-with-spring-boot-and-java-erudio] [           main] .b.t.c.SpringBootTestContextBootstrapper : Found @SpringBootConfiguration com.example.erudio.Startup for test class com.example.erudio.integrationtests.controllers.withjson.BookControllerJsonTest
Request method:	POST
Request URI:	http://localhost:8888/api/book/v1
Proxy:			<none>
Request params:	<none>
Query params:	<none>
Form params:	<none>
Path params:	<none>
Headers:		Origin=http://localhost:8080
				Accept=*/*
				Content-Type=application/json
Cookies:		<none>
Multiparts:		<none>
Body:
{
    "id": null,
    "author": "Nigel Poulton",
    "launchDate": 1785788598315,
    "price": 55.99,
    "title": "Docker Deep Dive - Updated",
    "enabled": true
}
2026-08-03T17:23:18.346-03:00  INFO 9368 --- [rest-with-spring-boot-and-java-erudio] [io-8888-exec-10] c.example.erudio.services.BookServices   : Creating one Book!
HTTP/1.1 200 
Vary: Origin
Vary: Access-Control-Request-Method
Vary: Access-Control-Request-Headers
Access-Control-Allow-Origin: http://localhost:8080
Access-Control-Allow-Credentials: true
Content-Type: application/json
Transfer-Encoding: chunked
Date: Mon, 03 Aug 2026 20:23:18 GMT
Keep-Alive: timeout=60
Connection: keep-alive

{
    "id": 1018,
    "author": "Nigel Poulton",
    "launchDate": "2026-08-03T20:23:18.315+00:00",
    "price": 55.99,
    "title": "Docker Deep Dive - Updated",
    "enabled": true,
    "_links": {
        "self": {
            "href": "http://localhost:8888/api/book/v1/1018",
            "type": "GET"
        },
        "findAll": {
            "href": "http://localhost:8888/api/book/v1?page=1&size=12&direction=asc",
            "type": "GET"
        },
        "create": {
            "href": "http://localhost:8888/api/book/v1",
            "type": "POST"
        },
        "update": {
            "href": "http://localhost:8888/api/book/v1",
            "type": "PUT"
        },
        "disable": {
            "href": "http://localhost:8888/api/book/v1/1018",
            "type": "PATCH"
        },
        "delete": {
            "href": "http://localhost:8888/api/book/v1/1018",
            "type": "DELETE"
        }
    }
}
]]></system-out>
  </testcase>
  <testcase name="updateTest" classname="com.example.erudio.integrationtests.controllers.withjson.BookControllerJsonTest" time="0.051">
    <system-out><![CDATA[Request method:	PUT
Request URI:	http://localhost:8888/api/book/v1
Proxy:			<none>
Request params:	<none>
Query params:	<none>
Form params:	<none>
Path params:	<none>
Headers:		Origin=http://localhost:8080
				Accept=*/*
				Content-Type=application/json
Cookies:		<none>
Multiparts:		<none>
Body:
{
    "id": 1018,
    "author": "Nigel Poulton",
    "launchDate": 1785788598315,
    "price": 55.99,
    "title": "Docker Deep Dive - Updated",
    "enabled": true
}
2026-08-03T17:23:18.544-03:00  INFO 9368 --- [rest-with-spring-boot-and-java-erudio] [nio-8888-exec-9] c.example.erudio.services.BookServices   : Updating one Book!
HTTP/1.1 200 
Vary: Origin
Vary: Access-Control-Request-Method
Vary: Access-Control-Request-Headers
Access-Control-Allow-Origin: http://localhost:8080
Access-Control-Allow-Credentials: true
Content-Type: application/json
Transfer-Encoding: chunked
Date: Mon, 03 Aug 2026 20:23:18 GMT
Keep-Alive: timeout=60
Connection: keep-alive

{
    "id": 1018,
    "author": "Nigel Poulton",
    "launchDate": "2026-08-03T20:23:18.315+00:00",
    "price": 55.99,
    "title": "Docker Deep Dive - Updated",
    "enabled": true,
    "_links": {
        "self": {
            "href": "http://localhost:8888/api/book/v1/1018",
            "type": "GET"
        },
        "findAll": {
            "href": "http://localhost:8888/api/book/v1?page=1&size=12&direction=asc",
            "type": "GET"
        },
        "create": {
            "href": "http://localhost:8888/api/book/v1",
            "type": "POST"
        },
        "update": {
            "href": "http://localhost:8888/api/book/v1",
            "type": "PUT"
        },
        "disable": {
            "href": "http://localhost:8888/api/book/v1/1018",
            "type": "PATCH"
        },
        "delete": {
            "href": "http://localhost:8888/api/book/v1/1018",
            "type": "DELETE"
        }
    }
}
]]></system-out>
  </testcase>
  <testcase name="findByIdTest" classname="com.example.erudio.integrationtests.controllers.withjson.BookControllerJsonTest" time="0.046">
    <system-out><![CDATA[Request method:	GET
Request URI:	http://localhost:8888/api/book/v1/1018
Proxy:			<none>
Request params:	<none>
Query params:	<none>
Form params:	<none>
Path params:	id=1018
Headers:		Origin=http://localhost:8080
				Accept=*/*
				Content-Type=application/json
Cookies:		<none>
Multiparts:		<none>
Body:			<none>
2026-08-03T17:23:18.602-03:00  INFO 9368 --- [rest-with-spring-boot-and-java-erudio] [nio-8888-exec-6] c.example.erudio.services.BookServices   : Finding one Book!
HTTP/1.1 200 
Vary: Origin
Vary: Access-Control-Request-Method
Vary: Access-Control-Request-Headers
Access-Control-Allow-Origin: http://localhost:8080
Access-Control-Allow-Credentials: true
Content-Type: application/json
Transfer-Encoding: chunked
Date: Mon, 03 Aug 2026 20:23:18 GMT
Keep-Alive: timeout=60
Connection: keep-alive

{
    "id": 1018,
    "author": "Nigel Poulton",
    "launchDate": "2026-08-03T03:00:00.000+00:00",
    "price": 55.99,
    "title": "Docker Deep Dive - Updated",
    "enabled": true,
    "_links": {
        "self": {
            "href": "http://localhost:8888/api/book/v1/1018",
            "type": "GET"
        },
        "findAll": {
            "href": "http://localhost:8888/api/book/v1?page=1&size=12&direction=asc",
            "type": "GET"
        },
        "create": {
            "href": "http://localhost:8888/api/book/v1",
            "type": "POST"
        },
        "update": {
            "href": "http://localhost:8888/api/book/v1",
            "type": "PUT"
        },
        "disable": {
            "href": "http://localhost:8888/api/book/v1/1018",
            "type": "PATCH"
        },
        "delete": {
            "href": "http://localhost:8888/api/book/v1/1018",
            "type": "DELETE"
        }
    }
}
]]></system-out>
  </testcase>
  <testcase name="disableTest" classname="com.example.erudio.integrationtests.controllers.withjson.BookControllerJsonTest" time="0.2">
    <system-out><![CDATA[Request method:	PATCH
Request URI:	http://localhost:8888/api/book/v1/1018
Proxy:			<none>
Request params:	<none>
Query params:	<none>
Form params:	<none>
Path params:	id=1018
Headers:		Origin=http://localhost:8080
				Accept=*/*
				Content-Type=application/json
Cookies:		<none>
Multiparts:		<none>
Body:			<none>
2026-08-03T17:23:18.645-03:00  INFO 9368 --- [rest-with-spring-boot-and-java-erudio] [nio-8888-exec-1] c.example.erudio.services.BookServices   : Disabling one Book!
HTTP/1.1 200 
Vary: Origin
Vary: Access-Control-Request-Method
Vary: Access-Control-Request-Headers
Access-Control-Allow-Origin: http://localhost:8080
Access-Control-Allow-Credentials: true
Content-Type: application/json
Transfer-Encoding: chunked
Date: Mon, 03 Aug 2026 20:23:18 GMT
Keep-Alive: timeout=60
Connection: keep-alive

{
    "id": 1018,
    "author": "Nigel Poulton",
    "launchDate": "2026-08-03T03:00:00.000+00:00",
    "price": 55.99,
    "title": "Docker Deep Dive - Updated",
    "enabled": false,
    "_links": {
        "self": {
            "href": "http://localhost:8888/api/book/v1/1018",
            "type": "GET"
        },
        "findAll": {
            "href": "http://localhost:8888/api/book/v1?page=1&size=12&direction=asc",
            "type": "GET"
        },
        "create": {
            "href": "http://localhost:8888/api/book/v1",
            "type": "POST"
        },
        "update": {
            "href": "http://localhost:8888/api/book/v1",
            "type": "PUT"
        },
        "disable": {
            "href": "http://localhost:8888/api/book/v1/1018",
            "type": "PATCH"
        },
        "delete": {
            "href": "http://localhost:8888/api/book/v1/1018",
            "type": "DELETE"
        }
    }
}
]]></system-out>
  </testcase>
  <testcase name="deleteTest" classname="com.example.erudio.integrationtests.controllers.withjson.BookControllerJsonTest" time="0.356">
    <system-out><![CDATA[Request method:	DELETE
Request URI:	http://localhost:8888/api/book/v1/1018
Proxy:			<none>
Request params:	<none>
Query params:	<none>
Form params:	<none>
Path params:	id=1018
Headers:		Origin=http://localhost:8080
				Accept=*/*
Cookies:		<none>
Multiparts:		<none>
Body:			<none>
2026-08-03T17:23:18.838-03:00  INFO 9368 --- [rest-with-spring-boot-and-java-erudio] [nio-8888-exec-2] c.example.erudio.services.BookServices   : Deleting one Book!
HTTP/1.1 204 
Vary: Origin
Vary: Access-Control-Request-Method
Vary: Access-Control-Request-Headers
Access-Control-Allow-Origin: http://localhost:8080
Access-Control-Allow-Credentials: true
Date: Mon, 03 Aug 2026 20:23:19 GMT
Keep-Alive: timeout=60
Connection: keep-alive
]]></system-out>
  </testcase>
  <testcase name="findAllTest" classname="com.example.erudio.integrationtests.controllers.withjson.BookControllerJsonTest" time="0.147">
    <system-out><![CDATA[Request method:	GET
Request URI:	http://localhost:8888/api/book/v1?page=3&size=12&direction=asc
Proxy:			<none>
Request params:	<none>
Query params:	page=3
				size=12
				direction=asc
Form params:	<none>
Path params:	<none>
Headers:		Origin=http://localhost:8080
				Accept=*/*
				Content-Type=application/json
Cookies:		<none>
Multiparts:		<none>
Body:			<none>
HTTP/1.1 200 
Vary: Origin
Vary: Access-Control-Request-Method
Vary: Access-Control-Request-Headers
Access-Control-Allow-Origin: http://localhost:8080
Access-Control-Allow-Credentials: true
Content-Type: application/json
Transfer-Encoding: chunked
Date: Mon, 03 Aug 2026 20:23:19 GMT
Keep-Alive: timeout=60
Connection: keep-alive

{
    "_embedded": {
        "book": [
            {
                "id": 548,
                "author": "Leonora Hardwell",
                "launchDate": "2026-06-15T03:00:00.000+00:00",
                "price": 9.99,
                "title": "Assimilated real-time function",
                "enabled": true,
                "_links": {
                    "self": {
                        "href": "http://localhost:8888/api/book/v1/548",
                        "type": "GET"
                    },
                    "findAll": {
                        "href": "http://localhost:8888/api/book/v1?page=1&size=12&direction=asc",
                        "type": "GET"
                    },
                    "create": {
                        "href": "http://localhost:8888/api/book/v1",
                        "type": "POST"
                    },
                    "update": {
                        "href": "http://localhost:8888/api/book/v1",
                        "type": "PUT"
                    },
                    "disable": {
                        "href": "http://localhost:8888/api/book/v1/548",
                        "type": "PATCH"
                    },
                    "delete": {
                        "href": "http://localhost:8888/api/book/v1/548",
                        "type": "DELETE"
                    }
                }
            },
            {
                "id": 618,
                "author": "Logan Redley",
                "launchDate": "2026-07-21T03:00:00.000+00:00",
                "price": 19.99,
                "title": "Automated discrete implementation",
                "enabled": true,
                "_links": {
                    "self": {
                        "href": "http://localhost:8888/api/book/v1/618",
                        "type": "GET"
                    },
                    "findAll": {
                        "href": "http://localhost:8888/api/book/v1?page=1&size=12&direction=asc",
                        "type": "GET"
                    },
                    "create": {
                        "href": "http://localhost:8888/api/book/v1",
                        "type": "POST"
                    },
                    "update": {
                        "href": "http://localhost:8888/api/book/v1",
                        "type": "PUT"
                    },
                    "disable": {
                        "href": "http://localhost:8888/api/book/v1/618",
                        "type": "PATCH"
                    },
                    "delete": {
                        "href": "http://localhost:8888/api/book/v1/618",
                        "type": "DELETE"
                    }
                }
            },
            {
                "id": 598,
                "author": "Isidoro MacMakin",
                "launchDate": "2026-03-23T03:00:00.000+00:00",
                "price": 8.99,
                "title": "Automated disintermediate firmware",
                "enabled": true,
                "_links": {
                    "self": {
                        "href": "http://localhost:8888/api/book/v1/598",
                        "type": "GET"
                    },
                    "findAll": {
                        "href": "http://localhost:8888/api/book/v1?page=1&size=12&direction=asc",
                        "type": "GET"
                    },
                    "create": {
                        "href": "http://localhost:8888/api/book/v1",
                        "type": "POST"
                    },
                    "update": {
                        "href": "http://localhost:8888/api/book/v1",
                        "type": "PUT"
                    },
                    "disable": {
                        "href": "http://localhost:8888/api/book/v1/598",
                        "type": "PATCH"
                    },
                    "delete": {
                        "href": "http://localhost:8888/api/book/v1/598",
                        "type": "DELETE"
                    }
                }
            },
            {
                "id": 53,
                "author": "Ainslie Haucke",
                "launchDate": "2026-07-02T03:00:00.000+00:00",
                "price": 23.99,
                "title": "Automated disintermediate matrices",
                "enabled": true,
                "_links": {
                    "self": {
                        "href": "http://localhost:8888/api/book/v1/53",
                        "type": "GET"
                    },
                    "findAll": {
                        "href": "http://localhost:8888/api/book/v1?page=1&size=12&direction=asc",
                        "type": "GET"
                    },
                    "create": {
                        "href": "http://localhost:8888/api/book/v1",
                        "type": "POST"
                    },
                    "update": {
                        "href": "http://localhost:8888/api/book/v1",
                        "type": "PUT"
                    },
                    "disable": {
                        "href": "http://localhost:8888/api/book/v1/53",
                        "type": "PATCH"
                    },
                    "delete": {
                        "href": "http://localhost:8888/api/book/v1/53",
                        "type": "DELETE"
                    }
                }
            },
            {
                "id": 736,
                "author": "Sascha Scardafield",
                "launchDate": "2025-09-19T03:00:00.000+00:00",
                "price": 3.99,
                "title": "Automated local function",
                "enabled": true,
                "_links": {
                    "self": {
                        "href": "http://localhost:8888/api/book/v1/736",
                        "type": "GET"
                    },
                    "findAll": {
                        "href": "http://localhost:8888/api/book/v1?page=1&size=12&direction=asc",
                        "type": "GET"
                    },
                    "create": {
                        "href": "http://localhost:8888/api/book/v1",
                        "type": "POST"
                    },
                    "update": {
                        "href": "http://localhost:8888/api/book/v1",
                        "type": "PUT"
                    },
                    "disable": {
                        "href": "http://localhost:8888/api/book/v1/736",
                        "type": "PATCH"
                    },
                    "delete": {
                        "href": "http://localhost:8888/api/book/v1/736",
                        "type": "DELETE"
                    }
                }
            },
            {
                "id": 399,
                "author": "Stinky Barukh",
                "launchDate": "2025-12-28T03:00:00.000+00:00",
                "price": 3.29,
                "title": "Automated motivating emulation",
                "enabled": true,
                "_links": {
                    "self": {
                        "href": "http://localhost:8888/api/book/v1/399",
                        "type": "GET"
                    },
                    "findAll": {
                        "href": "http://localhost:8888/api/book/v1?page=1&size=12&direction=asc",
                        "type": "GET"
                    },
                    "create": {
                        "href": "http://localhost:8888/api/book/v1",
                        "type": "POST"
                    },
                    "update": {
                        "href": "http://localhost:8888/api/book/v1",
                        "type": "PUT"
                    },
                    "disable": {
                        "href": "http://localhost:8888/api/book/v1/399",
                        "type": "PATCH"
                    },
                    "delete": {
                        "href": "http://localhost:8888/api/book/v1/399",
                        "type": "DELETE"
                    }
                }
            },
            {
                "id": 200,
                "author": "Win Manthroppe",
                "launchDate": "2026-03-02T03:00:00.000+00:00",
                "price": 24.99,
                "title": "Automated optimal software",
                "enabled": true,
                "_links": {
                    "self": {
                        "href": "http://localhost:8888/api/book/v1/200",
                        "type": "GET"
                    },
                    "findAll": {
                        "href": "http://localhost:8888/api/book/v1?page=1&size=12&direction=asc",
                        "type": "GET"
                    },
                    "create": {
                        "href": "http://localhost:8888/api/book/v1",
                        "type": "POST"
                    },
                    "update": {
                        "href": "http://localhost:8888/api/book/v1",
                        "type": "PUT"
                    },
                    "disable": {
                        "href": "http://localhost:8888/api/book/v1/200",
                        "type": "PATCH"
                    },
                    "delete": {
                        "href": "http://localhost:8888/api/book/v1/200",
                        "type": "DELETE"
                    }
                }
            },
            {
                "id": 925,
                "author": "Maxy Gollard",
                "launchDate": "2026-05-21T03:00:00.000+00:00",
                "price": 3.99,
                "title": "Automated zero administration conglomeration",
                "enabled": true,
                "_links": {
                    "self": {
                        "href": "http://localhost:8888/api/book/v1/925",
                        "type": "GET"
                    },
                    "findAll": {
                        "href": "http://localhost:8888/api/book/v1?page=1&size=12&direction=asc",
                        "type": "GET"
                    },
                    "create": {
                        "href": "http://localhost:8888/api/book/v1",
                        "type": "POST"
                    },
                    "update": {
                        "href": "http://localhost:8888/api/book/v1",
                        "type": "PUT"
                    },
                    "disable": {
                        "href": "http://localhost:8888/api/book/v1/925",
                        "type": "PATCH"
                    },
                    "delete": {
                        "href": "http://localhost:8888/api/book/v1/925",
                        "type": "DELETE"
                    }
                }
            },
            {
                "id": 946,
                "author": "Olivero Rooksby",
                "launchDate": "2026-01-30T03:00:00.000+00:00",
                "price": 29.99,
                "title": "Balanced 5th generation knowledge user",
                "enabled": true,
                "_links": {
                    "self": {
                        "href": "http://localhost:8888/api/book/v1/946",
                        "type": "GET"
                    },
                    "findAll": {
                        "href": "http://localhost:8888/api/book/v1?page=1&size=12&direction=asc",
                        "type": "GET"
                    },
                    "create": {
                        "href": "http://localhost:8888/api/book/v1",
                        "type": "POST"
                    },
                    "update": {
                        "href": "http://localhost:8888/api/book/v1",
                        "type": "PUT"
                    },
                    "disable": {
                        "href": "http://localhost:8888/api/book/v1/946",
                        "type": "PATCH"
                    },
                    "delete": {
                        "href": "http://localhost:8888/api/book/v1/946",
                        "type": "DELETE"
                    }
                }
            },
            {
                "id": 732,
                "author": "Juliane McAllan",
                "launchDate": "2025-11-08T03:00:00.000+00:00",
                "price": 129.99,
                "title": "Balanced bi-directional internet solution",
                "enabled": true,
                "_links": {
                    "self": {
                        "href": "http://localhost:8888/api/book/v1/732",
                        "type": "GET"
                    },
                    "findAll": {
                        "href": "http://localhost:8888/api/book/v1?page=1&size=12&direction=asc",
                        "type": "GET"
                    },
                    "create": {
                        "href": "http://localhost:8888/api/book/v1",
                        "type": "POST"
                    },
                    "update": {
                        "href": "http://localhost:8888/api/book/v1",
                        "type": "PUT"
                    },
                    "disable": {
                        "href": "http://localhost:8888/api/book/v1/732",
                        "type": "PATCH"
                    },
                    "delete": {
                        "href": "http://localhost:8888/api/book/v1/732",
                        "type": "DELETE"
                    }
                }
            },
            {
                "id": 32,
                "author": "Jennifer Andriuzzi",
                "launchDate": "2026-05-22T03:00:00.000+00:00",
                "price": 2.49,
                "title": "Balanced bi-directional orchestration",
                "enabled": true,
                "_links": {
                    "self": {
                        "href": "http://localhost:8888/api/book/v1/32",
                        "type": "GET"
                    },
                    "findAll": {
                        "href": "http://localhost:8888/api/book/v1?page=1&size=12&direction=asc",
                        "type": "GET"
                    },
                    "create": {
                        "href": "http://localhost:8888/api/book/v1",
                        "type": "POST"
                    },
                    "update": {
                        "href": "http://localhost:8888/api/book/v1",
                        "type": "PUT"
                    },
                    "disable": {
                        "href": "http://localhost:8888/api/book/v1/32",
                        "type": "PATCH"
                    },
                    "delete": {
                        "href": "http://localhost:8888/api/book/v1/32",
                        "type": "DELETE"
                    }
                }
            },
            {
                "id": 918,
                "author": "Igor Trippett",
                "launchDate": "2025-09-13T03:00:00.000+00:00",
                "price": 12.99,
                "title": "Balanced composite encoding",
                "enabled": true,
                "_links": {
                    "self": {
                        "href": "http://localhost:8888/api/book/v1/918",
                        "type": "GET"
                    },
                    "findAll": {
                        "href": "http://localhost:8888/api/book/v1?page=1&size=12&direction=asc",
                        "type": "GET"
                    },
                    "create": {
                        "href": "http://localhost:8888/api/book/v1",
                        "type": "POST"
                    },
                    "update": {
                        "href": "http://localhost:8888/api/book/v1",
                        "type": "PUT"
                    },
                    "disable": {
                        "href": "http://localhost:8888/api/book/v1/918",
                        "type": "PATCH"
                    },
                    "delete": {
                        "href": "http://localhost:8888/api/book/v1/918",
                        "type": "DELETE"
                    }
                }
            }
        ]
    },
    "_links": {
        "first": {
            "href": "http://localhost:8888/api/book/v1?direction=title%3A%20ASC&page=0&size=12&sort=title,asc"
        },
        "prev": {
            "href": "http://localhost:8888/api/book/v1?direction=title%3A%20ASC&page=2&size=12&sort=title,asc"
        },
        "self": {
            "href": "http://localhost:8888/api/book/v1?page=3&size=12&direction=title%3A%20ASC"
        },
        "next": {
            "href": "http://localhost:8888/api/book/v1?direction=title%3A%20ASC&page=4&size=12&sort=title,asc"
        },
        "last": {
            "href": "http://localhost:8888/api/book/v1?direction=title%3A%20ASC&page=84&size=12&sort=title,asc"
        }
    },
    "page": {
        "size": 12,
        "totalElements": 1016,
        "totalPages": 85,
        "number": 3
    }
}
]]></system-out>
  </testcase>
  <testcase name="findByAuthorTest" classname="com.example.erudio.integrationtests.controllers.withjson.BookControllerJsonTest" time="0.117">
    <system-out><![CDATA[Request method:	GET
Request URI:	http://localhost:8888/api/book/v1/findBooksByAuthor/and?page=0&size=12&direction=asc
Proxy:			<none>
Request params:	<none>
Query params:	page=0
				size=12
				direction=asc
Form params:	<none>
Path params:	author=and
Headers:		Origin=http://localhost:8080
				Accept=*/*
				Content-Type=application/json
Cookies:		<none>
Multiparts:		<none>
Body:			<none>
2026-08-03T17:23:19.345-03:00  INFO 9368 --- [rest-with-spring-boot-and-java-erudio] [nio-8888-exec-3] c.example.erudio.services.BookServices   : Finding Books by author
HTTP/1.1 200 
Vary: Origin
Vary: Access-Control-Request-Method
Vary: Access-Control-Request-Headers
Access-Control-Allow-Origin: http://localhost:8080
Access-Control-Allow-Credentials: true
Content-Type: application/json
Transfer-Encoding: chunked
Date: Mon, 03 Aug 2026 20:23:19 GMT
Keep-Alive: timeout=60
Connection: keep-alive

{
    "_embedded": {
        "book": [
            {
                "id": 15,
                "author": "Aguinaldo Aragon Fernandes e Vladimir Ferraz de Abreu",
                "launchDate": "2017-11-07T02:00:00.000+00:00",
                "price": 54.0,
                "title": "Implantando a governança de TI",
                "enabled": true,
                "_links": {
                    "self": {
                        "href": "http://localhost:8888/api/book/v1/15",
                        "type": "GET"
                    },
                    "findAll": {
                        "href": "http://localhost:8888/api/book/v1?page=1&size=12&direction=asc",
                        "type": "GET"
                    },
                    "create": {
                        "href": "http://localhost:8888/api/book/v1",
                        "type": "POST"
                    },
                    "update": {
                        "href": "http://localhost:8888/api/book/v1",
                        "type": "PUT"
                    },
                    "disable": {
                        "href": "http://localhost:8888/api/book/v1/15",
                        "type": "PATCH"
                    },
                    "delete": {
                        "href": "http://localhost:8888/api/book/v1/15",
                        "type": "DELETE"
                    }
                }
            },
            {
                "id": 16,
                "author": "Aguinaldo Aragon Fernandes e Vladimir Ferraz de Abreu",
                "launchDate": "2017-11-07T02:00:00.000+00:00",
                "price": 54.0,
                "title": "Implantando a governança de TI",
                "enabled": true,
                "_links": {
                    "self": {
                        "href": "http://localhost:8888/api/book/v1/16",
                        "type": "GET"
                    },
                    "findAll": {
                        "href": "http://localhost:8888/api/book/v1?page=1&size=12&direction=asc",
                        "type": "GET"
                    },
                    "create": {
                        "href": "http://localhost:8888/api/book/v1",
                        "type": "POST"
                    },
                    "update": {
                        "href": "http://localhost:8888/api/book/v1",
                        "type": "PUT"
                    },
                    "disable": {
                        "href": "http://localhost:8888/api/book/v1/16",
                        "type": "PATCH"
                    },
                    "delete": {
                        "href": "http://localhost:8888/api/book/v1/16",
                        "type": "DELETE"
                    }
                }
            },
            {
                "id": 675,
                "author": "Aimil Anderton",
                "launchDate": "2026-06-16T03:00:00.000+00:00",
                "price": 4.99,
                "title": "Compatible static encryption",
                "enabled": true,
                "_links": {
                    "self": {
                        "href": "http://localhost:8888/api/book/v1/675",
                        "type": "GET"
                    },
                    "findAll": {
                        "href": "http://localhost:8888/api/book/v1?page=1&size=12&direction=asc",
                        "type": "GET"
                    },
                    "create": {
                        "href": "http://localhost:8888/api/book/v1",
                        "type": "POST"
                    },
                    "update": {
                        "href": "http://localhost:8888/api/book/v1",
                        "type": "PUT"
                    },
                    "disable": {
                        "href": "http://localhost:8888/api/book/v1/675",
                        "type": "PATCH"
                    },
                    "delete": {
                        "href": "http://localhost:8888/api/book/v1/675",
                        "type": "DELETE"
                    }
                }
            },
            {
                "id": 181,
                "author": "Alejandra Hand",
                "launchDate": "2025-11-05T03:00:00.000+00:00",
                "price": 6.99,
                "title": "Public-key real-time flexibility",
                "enabled": true,
                "_links": {
                    "self": {
                        "href": "http://localhost:8888/api/book/v1/181",
                        "type": "GET"
                    },
                    "findAll": {
                        "href": "http://localhost:8888/api/book/v1?page=1&size=12&direction=asc",
                        "type": "GET"
                    },
                    "create": {
                        "href": "http://localhost:8888/api/book/v1",
                        "type": "POST"
                    },
                    "update": {
                        "href": "http://localhost:8888/api/book/v1",
                        "type": "PUT"
                    },
                    "disable": {
                        "href": "http://localhost:8888/api/book/v1/181",
                        "type": "PATCH"
                    },
                    "delete": {
                        "href": "http://localhost:8888/api/book/v1/181",
                        "type": "DELETE"
                    }
                }
            },
            {
                "id": 809,
                "author": "Alejandro Queree",
                "launchDate": "2026-05-21T03:00:00.000+00:00",
                "price": 89.99,
                "title": "Synergistic responsive installation",
                "enabled": true,
                "_links": {
                    "self": {
                        "href": "http://localhost:8888/api/book/v1/809",
                        "type": "GET"
                    },
                    "findAll": {
                        "href": "http://localhost:8888/api/book/v1?page=1&size=12&direction=asc",
                        "type": "GET"
                    },
                    "create": {
                        "href": "http://localhost:8888/api/book/v1",
                        "type": "POST"
                    },
                    "update": {
                        "href": "http://localhost:8888/api/book/v1",
                        "type": "PUT"
                    },
                    "disable": {
                        "href": "http://localhost:8888/api/book/v1/809",
                        "type": "PATCH"
                    },
                    "delete": {
                        "href": "http://localhost:8888/api/book/v1/809",
                        "type": "DELETE"
                    }
                }
            },
            {
                "id": 554,
                "author": "Amandie Karoly",
                "launchDate": "2026-04-02T03:00:00.000+00:00",
                "price": 19.99,
                "title": "Networked fault-tolerant middleware",
                "enabled": true,
                "_links": {
                    "self": {
                        "href": "http://localhost:8888/api/book/v1/554",
                        "type": "GET"
                    },
                    "findAll": {
                        "href": "http://localhost:8888/api/book/v1?page=1&size=12&direction=asc",
                        "type": "GET"
                    },
                    "create": {
                        "href": "http://localhost:8888/api/book/v1",
                        "type": "POST"
                    },
                    "update": {
                        "href": "http://localhost:8888/api/book/v1",
                        "type": "PUT"
                    },
                    "disable": {
                        "href": "http://localhost:8888/api/book/v1/554",
                        "type": "PATCH"
                    },
                    "delete": {
                        "href": "http://localhost:8888/api/book/v1/554",
                        "type": "DELETE"
                    }
                }
            },
            {
                "id": 773,
                "author": "Andra Tolworthy",
                "launchDate": "2026-03-29T03:00:00.000+00:00",
                "price": 12.99,
                "title": "Business-focused bifurcated matrix",
                "enabled": true,
                "_links": {
                    "self": {
                        "href": "http://localhost:8888/api/book/v1/773",
                        "type": "GET"
                    },
                    "findAll": {
                        "href": "http://localhost:8888/api/book/v1?page=1&size=12&direction=asc",
                        "type": "GET"
                    },
                    "create": {
                        "href": "http://localhost:8888/api/book/v1",
                        "type": "POST"
                    },
                    "update": {
                        "href": "http://localhost:8888/api/book/v1",
                        "type": "PUT"
                    },
                    "disable": {
                        "href": "http://localhost:8888/api/book/v1/773",
                        "type": "PATCH"
                    },
                    "delete": {
                        "href": "http://localhost:8888/api/book/v1/773",
                        "type": "DELETE"
                    }
                }
            },
            {
                "id": 429,
                "author": "Andras Hoffman",
                "launchDate": "2026-05-26T03:00:00.000+00:00",
                "price": 12.99,
                "title": "User-centric optimizing adapter",
                "enabled": true,
                "_links": {
                    "self": {
                        "href": "http://localhost:8888/api/book/v1/429",
                        "type": "GET"
                    },
                    "findAll": {
                        "href": "http://localhost:8888/api/book/v1?page=1&size=12&direction=asc",
                        "type": "GET"
                    },
                    "create": {
                        "href": "http://localhost:8888/api/book/v1",
                        "type": "POST"
                    },
                    "update": {
                        "href": "http://localhost:8888/api/book/v1",
                        "type": "PUT"
                    },
                    "disable": {
                        "href": "http://localhost:8888/api/book/v1/429",
                        "type": "PATCH"
                    },
                    "delete": {
                        "href": "http://localhost:8888/api/book/v1/429",
                        "type": "DELETE"
                    }
                }
            },
            {
                "id": 913,
                "author": "Andris Epple",
                "launchDate": "2025-11-26T03:00:00.000+00:00",
                "price": 5.99,
                "title": "Networked web-enabled benchmark",
                "enabled": true,
                "_links": {
                    "self": {
                        "href": "http://localhost:8888/api/book/v1/913",
                        "type": "GET"
                    },
                    "findAll": {
                        "href": "http://localhost:8888/api/book/v1?page=1&size=12&direction=asc",
                        "type": "GET"
                    },
                    "create": {
                        "href": "http://localhost:8888/api/book/v1",
                        "type": "POST"
                    },
                    "update": {
                        "href": "http://localhost:8888/api/book/v1",
                        "type": "PUT"
                    },
                    "disable": {
                        "href": "http://localhost:8888/api/book/v1/913",
                        "type": "PATCH"
                    },
                    "delete": {
                        "href": "http://localhost:8888/api/book/v1/913",
                        "type": "DELETE"
                    }
                }
            },
            {
                "id": 783,
                "author": "Andris Rosario",
                "launchDate": "2025-12-22T03:00:00.000+00:00",
                "price": 4.49,
                "title": "Future-proofed foreground hub",
                "enabled": true,
                "_links": {
                    "self": {
                        "href": "http://localhost:8888/api/book/v1/783",
                        "type": "GET"
                    },
                    "findAll": {
                        "href": "http://localhost:8888/api/book/v1?page=1&size=12&direction=asc",
                        "type": "GET"
                    },
                    "create": {
                        "href": "http://localhost:8888/api/book/v1",
                        "type": "POST"
                    },
                    "update": {
                        "href": "http://localhost:8888/api/book/v1",
                        "type": "PUT"
                    },
                    "disable": {
                        "href": "http://localhost:8888/api/book/v1/783",
                        "type": "PATCH"
                    },
                    "delete": {
                        "href": "http://localhost:8888/api/book/v1/783",
                        "type": "DELETE"
                    }
                }
            },
            {
                "id": 321,
                "author": "Andromache Osipenko",
                "launchDate": "2025-11-23T03:00:00.000+00:00",
                "price": 14.99,
                "title": "Visionary 24/7 forecast",
                "enabled": true,
                "_links": {
                    "self": {
                        "href": "http://localhost:8888/api/book/v1/321",
                        "type": "GET"
                    },
                    "findAll": {
                        "href": "http://localhost:8888/api/book/v1?page=1&size=12&direction=asc",
                        "type": "GET"
                    },
                    "create": {
                        "href": "http://localhost:8888/api/book/v1",
                        "type": "POST"
                    },
                    "update": {
                        "href": "http://localhost:8888/api/book/v1",
                        "type": "PUT"
                    },
                    "disable": {
                        "href": "http://localhost:8888/api/book/v1/321",
                        "type": "PATCH"
                    },
                    "delete": {
                        "href": "http://localhost:8888/api/book/v1/321",
                        "type": "DELETE"
                    }
                }
            },
            {
                "id": 523,
                "author": "Annabel Sinderland",
                "launchDate": "2026-05-01T03:00:00.000+00:00",
                "price": 149.99,
                "title": "Self-enabling clear-thinking standardization",
                "enabled": true,
                "_links": {
                    "self": {
                        "href": "http://localhost:8888/api/book/v1/523",
                        "type": "GET"
                    },
                    "findAll": {
                        "href": "http://localhost:8888/api/book/v1?page=1&size=12&direction=asc",
                        "type": "GET"
                    },
                    "create": {
                        "href": "http://localhost:8888/api/book/v1",
                        "type": "POST"
                    },
                    "update": {
                        "href": "http://localhost:8888/api/book/v1",
                        "type": "PUT"
                    },
                    "disable": {
                        "href": "http://localhost:8888/api/book/v1/523",
                        "type": "PATCH"
                    },
                    "delete": {
                        "href": "http://localhost:8888/api/book/v1/523",
                        "type": "DELETE"
                    }
                }
            }
        ]
    },
    "_links": {
        "first": {
            "href": "http://localhost:8888/api/book/v1?direction=author%3A%20ASC&page=0&size=12&sort=author,asc"
        },
        "self": {
            "href": "http://localhost:8888/api/book/v1?page=0&size=12&direction=author%3A%20ASC"
        },
        "next": {
            "href": "http://localhost:8888/api/book/v1?direction=author%3A%20ASC&page=1&size=12&sort=author,asc"
        },
        "last": {
            "href": "http://localhost:8888/api/book/v1?direction=author%3A%20ASC&page=3&size=12&sort=author,asc"
        }
    },
    "page": {
        "size": 12,
        "totalElements": 40,
        "totalPages": 4,
        "number": 0
    }
}
]]></system-out>
  </testcase>
</testsuite>