<?xml version="1.0" encoding="UTF-8"?>
<testsuite xmlns:xsi="http://www.w3.org/2001/XMLSchema-instance" xsi:noNamespaceSchemaLocation="https://maven.apache.org/surefire/maven-surefire-plugin/xsd/surefire-test-report-3.0.xsd" version="3.0" name="com.example.erudio.integrationtests.controllers.withjson.BookControllerJsonTest" time="284.735" tests="7" errors="0" skipped="0" failures="1">
  <properties>
[...]
</properties>
  <testcase name="createTest" classname="com.example.erudio.integrationtests.controllers.withjson.BookControllerJsonTest" time="4.358">
    <system-out><![CDATA[14:48:27.529 [main] INFO org.springframework.test.context.support.AnnotationConfigContextLoaderUtils -- Could not detect default configuration classes for test class [com.example.erudio.integrationtests.testcontainers.AbstractIntegrationTest]: AbstractIntegrationTest does not declare any static, non-private, non-final, nested classes annotated with @Configuration.
14:48:27.784 [main] INFO org.springframework.boot.test.context.SpringBootTestContextBootstrapper -- Found @SpringBootConfiguration com.example.erudio.Startup for test class com.example.erudio.integrationtests.controllers.withjson.BookControllerJsonTest
14:48:28.313 [main] INFO org.testcontainers.images.PullPolicy -- Image pull policy will be performed by: DefaultPullPolicy()
14:48:28.318 [main] INFO org.testcontainers.utility.ImageNameSubstitutor -- Image name substitution will be performed by: DefaultImageNameSubstitutor (composite of 'ConfigurationFileImageNameSubstitutor' and 'PrefixingImageNameSubstitutor')
14:48:28.402 [main] INFO org.springframework.boot.devtools.restart.RestartApplicationListener -- Restart disabled due to context in which it is running

  .   ____          _            __ _ _
 /\\ / ___'_ __ _ _(_)_ __  __ _ \ \ \ \
( ( )\___ | '_ | '_| | '_ \/ _` | \ \ \ \
 \\/  ___)| |_)| | | | | || (_| |  ) ) ) )
  '  |____| .__|_| |_|_| |_\__, | / / / /
 =========|_|==============|___/=/_/_/_/

 :: Spring Boot ::               (v3.5.13)

2026-08-18T14:48:28.977-03:00  INFO 9244 --- [rest-with-spring-boot-and-java-erudio] [ers-lifecycle-0] org.testcontainers.DockerClientFactory   : Testcontainers version: 2.0.5
2026-08-18T14:48:29.473-03:00  INFO 9244 --- [rest-with-spring-boot-and-java-erudio] [ers-lifecycle-0] o.t.d.DockerClientProviderStrategy       : Loaded org.testcontainers.dockerclient.NpipeSocketClientProviderStrategy from ~/.testcontainers.properties, will try it first
2026-08-18T14:48:30.145-03:00  INFO 9244 --- [rest-with-spring-boot-and-java-erudio] [ers-lifecycle-0] o.t.d.DockerClientProviderStrategy       : Found Docker environment with local Npipe socket (npipe:////./pipe/docker_engine)
2026-08-18T14:48:30.148-03:00  INFO 9244 --- [rest-with-spring-boot-and-java-erudio] [ers-lifecycle-0] org.testcontainers.DockerClientFactory   : Docker host IP address is localhost
2026-08-18T14:48:30.188-03:00  INFO 9244 --- [rest-with-spring-boot-and-java-erudio] [ers-lifecycle-0] org.testcontainers.DockerClientFactory   : Connected to docker: 
  Server Version: 29.6.2
  API Version: 1.55
  Operating System: Docker Desktop
  Total Memory: 6898 MB
  Labels: 
    com.docker.desktop.address=npipe://\\.\pipe\docker_cli
2026-08-18T14:48:30.441-03:00  INFO 9244 --- [rest-with-spring-boot-and-java-erudio] [ers-lifecycle-0] tc.testcontainers/ryuk:0.14.0            : Creating container for image: testcontainers/ryuk:0.14.0
2026-08-18T14:48:32.287-03:00  INFO 9244 --- [rest-with-spring-boot-and-java-erudio] [ers-lifecycle-0] tc.testcontainers/ryuk:0.14.0            : Container testcontainers/ryuk:0.14.0 is starting: 79829054724d8204675bc8b697f363f969f1ae143572fb511617dedee4452623
2026-08-18T14:48:34.000-03:00  INFO 9244 --- [rest-with-spring-boot-and-java-erudio] [ers-lifecycle-0] tc.testcontainers/ryuk:0.14.0            : Container testcontainers/ryuk:0.14.0 started in PT3.5585107S
2026-08-18T14:48:34.017-03:00  INFO 9244 --- [rest-with-spring-boot-and-java-erudio] [ers-lifecycle-0] o.t.utility.RyukResourceReaper           : Ryuk started - will monitor and terminate Testcontainers containers on JVM exit
2026-08-18T14:48:34.017-03:00  INFO 9244 --- [rest-with-spring-boot-and-java-erudio] [ers-lifecycle-0] org.testcontainers.DockerClientFactory   : Checking the system...
2026-08-18T14:48:34.018-03:00  INFO 9244 --- [rest-with-spring-boot-and-java-erudio] [ers-lifecycle-0] org.testcontainers.DockerClientFactory   : ✔︎ Docker server version should be at least 1.6.0
2026-08-18T14:48:34.024-03:00  INFO 9244 --- [rest-with-spring-boot-and-java-erudio] [ers-lifecycle-0] tc.mysql:9.1.0                           : Creating container for image: mysql:9.1.0
2026-08-18T14:48:34.026-03:00  WARN 9244 --- [rest-with-spring-boot-and-java-erudio] [ers-lifecycle-0] tc.mysql:9.1.0                           : Reuse was requested but the environment does not support the reuse of containers
To enable reuse of containers, you must set 'testcontainers.reuse.enable=true' in a file located at C:\Users\User\.testcontainers.properties
2026-08-18T14:48:36.398-03:00  INFO 9244 --- [rest-with-spring-boot-and-java-erudio] [ers-lifecycle-0] tc.mysql:9.1.0                           : Container mysql:9.1.0 is starting: 203657fb03376d18dae38dfa691f03070add5e767b56346e261bfbebc86d4d9f
2026-08-18T14:48:38.385-03:00  INFO 9244 --- [rest-with-spring-boot-and-java-erudio] [ers-lifecycle-0] tc.mysql:9.1.0                           : Waiting for database connection to become available at jdbc:mysql://localhost:58476/test using query 'SELECT 1'
2026-08-18T14:50:38.601-03:00 ERROR 9244 --- [rest-with-spring-boot-and-java-erudio] [ers-lifecycle-0] tc.mysql:9.1.0                           : Could not start container

java.lang.IllegalStateException: Container is started, but cannot be accessed by (JDBC URL: jdbc:mysql://localhost:58476/test), please check container logs
	at org.testcontainers.containers.JdbcDatabaseContainer.waitUntilContainerStarted(JdbcDatabaseContainer.java:210) ~[testcontainers-jdbc-2.0.5.jar:na]
	at org.testcontainers.containers.GenericContainer.tryStart(GenericContainer.java:487) ~[testcontainers-2.0.5.jar:na]
	at org.testcontainers.containers.GenericContainer.lambda$doStart$0(GenericContainer.java:341) ~[testcontainers-2.0.5.jar:na]
	at org.rnorth.ducttape.unreliables.Unreliables.retryUntilSuccess(Unreliables.java:81) ~[duct-tape-1.0.8.jar:na]
	at org.testcontainers.containers.GenericContainer.doStart(GenericContainer.java:331) ~[testcontainers-2.0.5.jar:na]
	at org.testcontainers.containers.GenericContainer.start(GenericContainer.java:317) ~[testcontainers-2.0.5.jar:na]
	at java.base/java.util.concurrent.CompletableFuture$UniRun.tryFire(CompletableFuture.java:808) ~[na:na]
	at java.base/java.util.concurrent.CompletableFuture$Completion.run(CompletableFuture.java:503) ~[na:na]
	at java.base/java.util.concurrent.ThreadPoolExecutor.runWorker(ThreadPoolExecutor.java:1090) ~[na:na]
	at java.base/java.util.concurrent.ThreadPoolExecutor$Worker.run(ThreadPoolExecutor.java:614) ~[na:na]
	at java.base/java.lang.Thread.run(Thread.java:1474) ~[na:na]
Caused by: java.sql.SQLException: Could not create new connection
	at org.testcontainers.containers.JdbcDatabaseContainer.createConnection(JdbcDatabaseContainer.java:296) ~[testcontainers-jdbc-2.0.5.jar:na]
	at org.testcontainers.containers.JdbcDatabaseContainer.createConnection(JdbcDatabaseContainer.java:252) ~[testcontainers-jdbc-2.0.5.jar:na]
	at org.testcontainers.containers.JdbcDatabaseContainer.waitUntilContainerStarted(JdbcDatabaseContainer.java:192) ~[testcontainers-jdbc-2.0.5.jar:na]
	... 10 common frames omitted
Caused by: com.mysql.cj.jdbc.exceptions.CommunicationsException: Communications link failure

The last packet sent successfully to the server was 0 milliseconds ago. The driver has not received any packets from the server.
	at com.mysql.cj.jdbc.exceptions.SQLError.createCommunicationsException(SQLError.java:165) ~[mysql-connector-j-9.6.0.jar:9.6.0]
	at com.mysql.cj.jdbc.exceptions.SQLExceptionsMapping.translateException(SQLExceptionsMapping.java:55) ~[mysql-connector-j-9.6.0.jar:9.6.0]
	at com.mysql.cj.jdbc.ConnectionImpl.createNewIO(ConnectionImpl.java:840) ~[mysql-connector-j-9.6.0.jar:9.6.0]
	at com.mysql.cj.jdbc.ConnectionImpl.<init>(ConnectionImpl.java:416) ~[mysql-connector-j-9.6.0.jar:9.6.0]
	at com.mysql.cj.jdbc.ConnectionImpl.getInstance(ConnectionImpl.java:237) ~[mysql-connector-j-9.6.0.jar:9.6.0]
	at com.mysql.cj.jdbc.NonRegisteringDriver.connect(NonRegisteringDriver.java:180) ~[mysql-connector-j-9.6.0.jar:9.6.0]
	at org.testcontainers.containers.JdbcDatabaseContainer.createConnection(JdbcDatabaseContainer.java:287) ~[testcontainers-jdbc-2.0.5.jar:na]
	... 12 common frames omitted
Caused by: com.mysql.cj.exceptions.CJCommunicationsException: Communications link failure

The last packet sent successfully to the server was 0 milliseconds ago. The driver has not received any packets from the server.
	at java.base/jdk.internal.reflect.DirectConstructorHandleAccessor.newInstance(DirectConstructorHandleAccessor.java:62) ~[na:na]
	at java.base/java.lang.reflect.Constructor.newInstanceWithCaller(Constructor.java:499) ~[na:na]
	at java.base/java.lang.reflect.Constructor.newInstance(Constructor.java:483) ~[na:na]
	at com.mysql.cj.exceptions.ExceptionFactory.createException(ExceptionFactory.java:52) ~[mysql-connector-j-9.6.0.jar:9.6.0]
	at com.mysql.cj.exceptions.ExceptionFactory.createException(ExceptionFactory.java:95) ~[mysql-connector-j-9.6.0.jar:9.6.0]
	at com.mysql.cj.exceptions.ExceptionFactory.createException(ExceptionFactory.java:140) ~[mysql-connector-j-9.6.0.jar:9.6.0]
	at com.mysql.cj.exceptions.ExceptionFactory.createCommunicationsException(ExceptionFactory.java:156) ~[mysql-connector-j-9.6.0.jar:9.6.0]
	at com.mysql.cj.protocol.a.NativeProtocol.readMessage(NativeProtocol.java:590) ~[mysql-connector-j-9.6.0.jar:9.6.0]
	at com.mysql.cj.protocol.a.NativeProtocol.readServerCapabilities(NativeProtocol.java:515) ~[mysql-connector-j-9.6.0.jar:9.6.0]
	at com.mysql.cj.protocol.a.NativeProtocol.beforeHandshake(NativeProtocol.java:410) ~[mysql-connector-j-9.6.0.jar:9.6.0]
	at com.mysql.cj.protocol.a.NativeProtocol.connect(NativeProtocol.java:1332) ~[mysql-connector-j-9.6.0.jar:9.6.0]
	at com.mysql.cj.NativeSession.connect(NativeSession.java:155) ~[mysql-connector-j-9.6.0.jar:9.6.0]
	at com.mysql.cj.jdbc.ConnectionImpl.connectOneTryOnly(ConnectionImpl.java:964) ~[mysql-connector-j-9.6.0.jar:9.6.0]
	at com.mysql.cj.jdbc.ConnectionImpl.createNewIO(ConnectionImpl.java:828) ~[mysql-connector-j-9.6.0.jar:9.6.0]
	... 16 common frames omitted
Caused by: java.io.EOFException: Can not read response from server. Expected to read 4 bytes, read 0 bytes before connection was unexpectedly lost.
	at com.mysql.cj.protocol.FullReadInputStream.readFully(FullReadInputStream.java:58) ~[mysql-connector-j-9.6.0.jar:9.6.0]
	at com.mysql.cj.protocol.a.SimplePacketReader.readHeaderLocal(SimplePacketReader.java:72) ~[mysql-connector-j-9.6.0.jar:9.6.0]
	at com.mysql.cj.protocol.a.SimplePacketReader.readHeader(SimplePacketReader.java:54) ~[mysql-connector-j-9.6.0.jar:9.6.0]
	at com.mysql.cj.protocol.a.SimplePacketReader.readHeader(SimplePacketReader.java:36) ~[mysql-connector-j-9.6.0.jar:9.6.0]
	at com.mysql.cj.protocol.a.NativeProtocol.readMessage(NativeProtocol.java:584) ~[mysql-connector-j-9.6.0.jar:9.6.0]
	... 22 common frames omitted

2026-08-18T14:50:38.644-03:00 ERROR 9244 --- [rest-with-spring-boot-and-java-erudio] [ers-lifecycle-0] tc.mysql:9.1.0                           : Log output from the failed container:
2026-08-18 17:48:37+00:00 [Note] [Entrypoint]: Entrypoint script for MySQL Server 9.1.0-1.el9 started.
2026-08-18 17:48:38+00:00 [Note] [Entrypoint]: Switching to dedicated user 'mysql'
2026-08-18 17:48:38+00:00 [Note] [Entrypoint]: Entrypoint script for MySQL Server 9.1.0-1.el9 started.
2026-08-18 17:48:38+00:00 [Note] [Entrypoint]: Initializing database files
2026-08-18T17:48:38.383223Z 0 [System] [MY-015017] [Server] MySQL Server Initialization - start.
2026-08-18T17:48:38.384799Z 0 [System] [MY-013169] [Server] /usr/sbin/mysqld (mysqld 9.1.0) initializing of server in progress as process 80
2026-08-18T17:48:38.472116Z 1 [System] [MY-013576] [InnoDB] InnoDB initialization has started.
2026-08-18T17:48:48.179445Z 1 [System] [MY-013577] [InnoDB] InnoDB initialization has ended.
2026-08-18T17:49:18.344927Z 6 [Warning] [MY-010453] [Server] root@localhost is created with an empty password ! Please consider switching off the --initialize-insecure option.
2026-08-18T17:50:06.948702Z 0 [System] [MY-015018] [Server] MySQL Server Initialization - end.
2026-08-18 17:50:06+00:00 [Note] [Entrypoint]: Database files initialized
2026-08-18 17:50:06+00:00 [Note] [Entrypoint]: Starting temporary server
2026-08-18T17:50:07.016566Z 0 [System] [MY-015015] [Server] MySQL Server - start.
2026-08-18T17:50:07.347422Z 0 [System] [MY-010116] [Server] /usr/sbin/mysqld (mysqld 9.1.0) starting as process 121
2026-08-18T17:50:07.442473Z 1 [System] [MY-013576] [InnoDB] InnoDB initialization has started.
2026-08-18T17:50:17.518140Z 1 [System] [MY-013577] [InnoDB] InnoDB initialization has ended.
2026-08-18T17:50:20.781673Z 0 [Warning] [MY-010068] [Server] CA certificate ca.pem is self signed.
2026-08-18T17:50:20.781748Z 0 [System] [MY-013602] [Server] Channel mysql_main configured to support TLS. Encrypted connections are now supported for this channel.
2026-08-18T17:50:20.874711Z 0 [Warning] [MY-011810] [Server] Insecure configuration for --pid-file: Location '/var/run/mysqld' in the path is accessible to all OS users. Consider choosing a different directory.
2026-08-18T17:50:21.120331Z 0 [System] [MY-011323] [Server] X Plugin ready for connections. Socket: /var/run/mysqld/mysqlx.sock
2026-08-18T17:50:21.120592Z 0 [System] [MY-010931] [Server] /usr/sbin/mysqld: ready for connections. Version: '9.1.0'  socket: '/var/run/mysqld/mysqld.sock'  port: 0  MySQL Community Server - GPL.
2026-08-18 17:50:21+00:00 [Note] [Entrypoint]: Temporary server started.
'/var/lib/mysql/mysql.sock' -> '/var/run/mysqld/mysqld.sock'
Warning: Unable to load '/usr/share/zoneinfo/iso3166.tab' as time zone. Skipping it.
Warning: Unable to load '/usr/share/zoneinfo/leap-seconds.list' as time zone. Skipping it.
Warning: Unable to load '/usr/share/zoneinfo/leapseconds' as time zone. Skipping it.
Warning: Unable to load '/usr/share/zoneinfo/tzdata.zi' as time zone. Skipping it.
Warning: Unable to load '/usr/share/zoneinfo/zone.tab' as time zone. Skipping it.
Warning: Unable to load '/usr/share/zoneinfo/zone1970.tab' as time zone. Skipping it.
2026-08-18 17:50:30+00:00 [Note] [Entrypoint]: Creating database test
2026-08-18 17:50:31+00:00 [Note] [Entrypoint]: Creating user test
2026-08-18 17:50:31+00:00 [Note] [Entrypoint]: Giving user test access to schema test

2026-08-18 17:50:31+00:00 [Note] [Entrypoint]: Stopping temporary server
2026-08-18T17:50:31.327461Z 13 [System] [MY-013172] [Server] Received SHUTDOWN from user root. Shutting down mysqld (Version: 9.1.0).
2026-08-18T17:50:34.054658Z 0 [System] [MY-010910] [Server] /usr/sbin/mysqld: Shutdown complete (mysqld 9.1.0)  MySQL Community Server - GPL.
2026-08-18T17:50:34.054712Z 0 [System] [MY-015016] [Server] MySQL Server - end.
2026-08-18 17:50:34+00:00 [Note] [Entrypoint]: Temporary server stopped

2026-08-18 17:50:34+00:00 [Note] [Entrypoint]: MySQL init process done. Ready for start up.

2026-08-18T17:50:34.355103Z 0 [System] [MY-015015] [Server] MySQL Server - start.
2026-08-18T17:50:34.640107Z 0 [System] [MY-010116] [Server] /usr/sbin/mysqld (mysqld 9.1.0) starting as process 1
2026-08-18T17:50:34.670350Z 1 [System] [MY-013576] [InnoDB] InnoDB initialization has started.

2026-08-18T14:50:41.484-03:00  INFO 9244 --- [rest-with-spring-boot-and-java-erudio] [ers-lifecycle-0] tc.mysql:9.1.0                           : Creating container for image: mysql:9.1.0
2026-08-18T14:50:41.486-03:00  WARN 9244 --- [rest-with-spring-boot-and-java-erudio] [ers-lifecycle-0] tc.mysql:9.1.0                           : Reuse was requested but the environment does not support the reuse of containers
To enable reuse of containers, you must set 'testcontainers.reuse.enable=true' in a file located at C:\Users\User\.testcontainers.properties
2026-08-18T14:50:43.369-03:00  INFO 9244 --- [rest-with-spring-boot-and-java-erudio] [ers-lifecycle-0] tc.mysql:9.1.0                           : Container mysql:9.1.0 is starting: 812f224890710f92a61d6fccbfe03e69597a14af855d72a6f2d4337c0b8e7f88
2026-08-18T14:50:45.504-03:00  INFO 9244 --- [rest-with-spring-boot-and-java-erudio] [ers-lifecycle-0] tc.mysql:9.1.0                           : Waiting for database connection to become available at jdbc:mysql://localhost:56873/test using query 'SELECT 1'
2026-08-18T14:52:42.921-03:00  INFO 9244 --- [rest-with-spring-boot-and-java-erudio] [ers-lifecycle-0] tc.mysql:9.1.0                           : Container mysql:9.1.0 started in PT2M1.4370851S
2026-08-18T14:52:42.921-03:00  INFO 9244 --- [rest-with-spring-boot-and-java-erudio] [ers-lifecycle-0] tc.mysql:9.1.0                           : Container is started (JDBC URL: jdbc:mysql://localhost:56873/test)
2026-08-18T14:52:42.929-03:00  INFO 9244 --- [rest-with-spring-boot-and-java-erudio] [           main] c.e.e.i.c.w.BookControllerJsonTest       : Starting BookControllerJsonTest using Java 25.0.2 with PID 9244 (started by User in C:\Users\User\Spring\rest-with-spring-boot-and-java-erudio\23_WorkingWithJasperReports)
2026-08-18T14:52:42.930-03:00  INFO 9244 --- [rest-with-spring-boot-and-java-erudio] [           main] c.e.e.i.c.w.BookControllerJsonTest       : No active profile set, falling back to 1 default profile: "default"
2026-08-18T14:52:45.330-03:00  INFO 9244 --- [rest-with-spring-boot-and-java-erudio] [           main] .s.d.r.c.RepositoryConfigurationDelegate : Bootstrapping Spring Data JPA repositories in DEFAULT mode.
2026-08-18T14:52:45.504-03:00  INFO 9244 --- [rest-with-spring-boot-and-java-erudio] [           main] .s.d.r.c.RepositoryConfigurationDelegate : Finished Spring Data repository scanning in 159 ms. Found 2 JPA repository interfaces.
2026-08-18T14:52:46.646-03:00  INFO 9244 --- [rest-with-spring-boot-and-java-erudio] [           main] o.s.b.w.embedded.tomcat.TomcatWebServer  : Tomcat initialized with port 8888 (http)
2026-08-18T14:52:46.680-03:00  INFO 9244 --- [rest-with-spring-boot-and-java-erudio] [           main] o.apache.catalina.core.StandardService   : Starting service [Tomcat]
2026-08-18T14:52:46.680-03:00  INFO 9244 --- [rest-with-spring-boot-and-java-erudio] [           main] o.apache.catalina.core.StandardEngine    : Starting Servlet engine: [Apache Tomcat/10.1.53]
2026-08-18T14:52:46.849-03:00  INFO 9244 --- [rest-with-spring-boot-and-java-erudio] [           main] o.a.c.c.C.[Tomcat].[localhost].[/]       : Initializing Spring embedded WebApplicationContext
2026-08-18T14:52:46.859-03:00  INFO 9244 --- [rest-with-spring-boot-and-java-erudio] [           main] w.s.c.ServletWebServerApplicationContext : Root WebApplicationContext: initialization completed in 3379 ms
2026-08-18T14:52:47.319-03:00  INFO 9244 --- [rest-with-spring-boot-and-java-erudio] [           main] com.zaxxer.hikari.HikariDataSource       : HikariPool-1 - Starting...
2026-08-18T14:52:47.742-03:00  INFO 9244 --- [rest-with-spring-boot-and-java-erudio] [           main] com.zaxxer.hikari.pool.HikariPool        : HikariPool-1 - Added connection com.mysql.cj.jdbc.ConnectionImpl@cef885d
2026-08-18T14:52:47.745-03:00  INFO 9244 --- [rest-with-spring-boot-and-java-erudio] [           main] com.zaxxer.hikari.HikariDataSource       : HikariPool-1 - Start completed.
2026-08-18T14:52:47.898-03:00  INFO 9244 --- [rest-with-spring-boot-and-java-erudio] [           main] org.flywaydb.core.FlywayExecutor         : Database: jdbc:mysql://localhost:56873/test (MySQL 9.1)
2026-08-18T14:52:48.022-03:00  WARN 9244 --- [rest-with-spring-boot-and-java-erudio] [           main] o.f.c.internal.database.base.Database    : Flyway upgrade recommended: MySQL 9.1 is newer than this version of Flyway and support has not been tested. The latest supported version of MySQL is 8.1.
2026-08-18T14:52:48.169-03:00  INFO 9244 --- [rest-with-spring-boot-and-java-erudio] [           main] o.f.c.i.s.JdbcTableSchemaHistory         : Schema history table `test`.`flyway_schema_history` does not exist yet
2026-08-18T14:52:48.176-03:00  INFO 9244 --- [rest-with-spring-boot-and-java-erudio] [           main] o.f.core.internal.command.DbValidate     : Successfully validated 14 migrations (execution time 00:00.132s)
2026-08-18T14:52:48.288-03:00  INFO 9244 --- [rest-with-spring-boot-and-java-erudio] [           main] o.f.c.i.s.JdbcTableSchemaHistory         : Creating Schema History table `test`.`flyway_schema_history` ...
2026-08-18T14:52:49.761-03:00  INFO 9244 --- [rest-with-spring-boot-and-java-erudio] [           main] o.f.core.internal.command.DbMigrate      : Current version of schema `test`: << Empty Schema >>
2026-08-18T14:52:49.779-03:00  INFO 9244 --- [rest-with-spring-boot-and-java-erudio] [           main] o.f.core.internal.command.DbMigrate      : Migrating schema `test` to version "1 - Create Table Person"
2026-08-18T14:52:50.536-03:00  INFO 9244 --- [rest-with-spring-boot-and-java-erudio] [           main] o.f.core.internal.command.DbMigrate      : Migrating schema `test` to version "2 - Populate Table Person"
2026-08-18T14:52:50.720-03:00  INFO 9244 --- [rest-with-spring-boot-and-java-erudio] [           main] o.f.core.internal.command.DbMigrate      : Migrating schema `test` to version "3 - Create Table Books"
2026-08-18T14:52:51.279-03:00  WARN 9244 --- [rest-with-spring-boot-and-java-erudio] [           main] o.f.c.i.s.DefaultSqlScriptExecutor       : DB: Integer display width is deprecated and will be removed in a future release. (SQL State: HY000 - Error Code: 1681)
2026-08-18T14:52:51.438-03:00  INFO 9244 --- [rest-with-spring-boot-and-java-erudio] [           main] o.f.core.internal.command.DbMigrate      : Migrating schema `test` to version "4 - Insert Data In Books"
2026-08-18T14:52:52.085-03:00  INFO 9244 --- [rest-with-spring-boot-and-java-erudio] [           main] o.f.core.internal.command.DbMigrate      : Migrating schema `test` to version "5 - Alter Table Person"
2026-08-18T14:52:52.581-03:00  INFO 9244 --- [rest-with-spring-boot-and-java-erudio] [           main] o.f.core.internal.command.DbMigrate      : Migrating schema `test` to version "6 - Populate Person With Many"
2026-08-18T14:52:53.337-03:00  INFO 9244 --- [rest-with-spring-boot-and-java-erudio] [           main] o.f.core.internal.command.DbMigrate      : Migrating schema `test` to version "7 - Populate Books With Many"
2026-08-18T14:52:54.470-03:00  INFO 9244 --- [rest-with-spring-boot-and-java-erudio] [           main] o.f.core.internal.command.DbMigrate      : Migrating schema `test` to version "8 - Alter Table Books"
2026-08-18T14:52:55.078-03:00  INFO 9244 --- [rest-with-spring-boot-and-java-erudio] [           main] o.f.core.internal.command.DbMigrate      : Migrating schema `test` to version "9 - Populate Books With Many"
2026-08-18T14:52:55.527-03:00  INFO 9244 --- [rest-with-spring-boot-and-java-erudio] [           main] o.f.core.internal.command.DbMigrate      : Migrating schema `test` to version "10 - Alter Table Person Adding Photo And Wiki"
2026-08-18T14:52:56.208-03:00  INFO 9244 --- [rest-with-spring-boot-and-java-erudio] [           main] o.f.core.internal.command.DbMigrate      : Migrating schema `test` to version "11 - Inserting Wikipedia Url"
2026-08-18T14:52:56.402-03:00  INFO 9244 --- [rest-with-spring-boot-and-java-erudio] [           main] o.f.core.internal.command.DbMigrate      : Migrating schema `test` to version "12 - Inserting Photo Url"
2026-08-18T14:52:56.971-03:00  INFO 9244 --- [rest-with-spring-boot-and-java-erudio] [           main] o.f.core.internal.command.DbMigrate      : Migrating schema `test` to version "13 - Create Join Table Person Books"
2026-08-18T14:52:57.809-03:00  WARN 9244 --- [rest-with-spring-boot-and-java-erudio] [           main] o.f.c.i.s.DefaultSqlScriptExecutor       : DB: Integer display width is deprecated and will be removed in a future release. (SQL State: HY000 - Error Code: 1681)
2026-08-18T14:52:57.809-03:00  WARN 9244 --- [rest-with-spring-boot-and-java-erudio] [           main] o.f.c.i.s.DefaultSqlScriptExecutor       : DB: Integer display width is deprecated and will be removed in a future release. (SQL State: HY000 - Error Code: 1681)
2026-08-18T14:52:57.966-03:00  INFO 9244 --- [rest-with-spring-boot-and-java-erudio] [           main] o.f.core.internal.command.DbMigrate      : Migrating schema `test` to version "14 - Insert Data In Join Table Person Books"
2026-08-18T14:52:59.552-03:00  INFO 9244 --- [rest-with-spring-boot-and-java-erudio] [           main] o.f.core.internal.command.DbMigrate      : Successfully applied 14 migrations to schema `test`, now at version v14 (execution time 00:06.107s)
2026-08-18T14:52:59.944-03:00  INFO 9244 --- [rest-with-spring-boot-and-java-erudio] [           main] o.hibernate.jpa.internal.util.LogHelper  : HHH000204: Processing PersistenceUnitInfo [name: default]
2026-08-18T14:53:00.264-03:00  INFO 9244 --- [rest-with-spring-boot-and-java-erudio] [           main] org.hibernate.Version                    : HHH000412: Hibernate ORM core version 6.6.45.Final
2026-08-18T14:53:00.371-03:00  INFO 9244 --- [rest-with-spring-boot-and-java-erudio] [           main] o.h.c.internal.RegionFactoryInitiator    : HHH000026: Second-level cache disabled
2026-08-18T14:53:00.882-03:00  INFO 9244 --- [rest-with-spring-boot-and-java-erudio] [           main] o.s.o.j.p.SpringPersistenceUnitInfo      : No LoadTimeWeaver setup: ignoring JPA class transformer
2026-08-18T14:53:01.148-03:00  INFO 9244 --- [rest-with-spring-boot-and-java-erudio] [           main] org.hibernate.orm.connections.pooling    : HHH10001005: Database info:
	Database JDBC URL [Connecting through datasource 'HikariDataSource (HikariPool-1)']
	Database driver: undefined/unknown
	Database version: 9.1
	Autocommit mode: undefined/unknown
	Isolation level: undefined/unknown
	Minimum pool size: undefined/unknown
	Maximum pool size: undefined/unknown
2026-08-18T14:53:03.079-03:00  INFO 9244 --- [rest-with-spring-boot-and-java-erudio] [           main] o.h.e.t.j.p.i.JtaPlatformInitiator       : HHH000489: No JTA platform available (set 'hibernate.transaction.jta.platform' to enable JTA platform integration)
2026-08-18T14:53:03.084-03:00  INFO 9244 --- [rest-with-spring-boot-and-java-erudio] [           main] j.LocalContainerEntityManagerFactoryBean : Initialized JPA EntityManagerFactory for persistence unit 'default'
2026-08-18T14:53:03.523-03:00  INFO 9244 --- [rest-with-spring-boot-and-java-erudio] [           main] o.s.d.j.r.query.QueryEnhancerFactory     : Hibernate is in classpath; If applicable, HQL parser will be used.
2026-08-18T14:53:04.463-03:00  INFO 9244 --- [rest-with-spring-boot-and-java-erudio] [           main] c.e.erudio.services.FileStorageService   : Creating Directory
2026-08-18T14:53:05.965-03:00  INFO 9244 --- [rest-with-spring-boot-and-java-erudio] [           main] o.s.b.w.embedded.tomcat.TomcatWebServer  : Tomcat started on port 8888 (http) with context path '/'
2026-08-18T14:53:05.978-03:00  INFO 9244 --- [rest-with-spring-boot-and-java-erudio] [           main] c.e.e.i.c.w.BookControllerJsonTest       : Started BookControllerJsonTest in 277.595 seconds (process running for 279.726)
2026-08-18T14:53:05.991-03:00  WARN 9244 --- [rest-with-spring-boot-and-java-erudio] [           main] o.s.core.events.SpringDocAppInitializer  : SpringDoc /v3/api-docs endpoint is enabled by default. To disable it in production, set the property 'springdoc.api-docs.enabled=false'
2026-08-18T14:53:05.991-03:00  WARN 9244 --- [rest-with-spring-boot-and-java-erudio] [           main] o.s.core.events.SpringDocAppInitializer  : SpringDoc /swagger-ui.html endpoint is enabled by default. To disable it in production, set the property 'springdoc.swagger-ui.enabled=false'
Request method:	POST
Request URI:	http://localhost:8888/api/book/v1
Proxy:			<none>
Request params:	<none>
Query params:	<none>
Form params:	<none>
Path params:	<none>
Headers:		Origin=http://localhost:8080
				Accept=*/*
				Content-Type=application/json
Cookies:		<none>
Multiparts:		<none>
Body:
{
    "id": null,
    "author": "Nigel Poulton",
    "launchDate": 1787075586218,
    "price": 55.99,
    "title": "Docker Deep Dive - Updated",
    "enabled": true
}
2026-08-18T14:53:08.501-03:00  INFO 9244 --- [rest-with-spring-boot-and-java-erudio] [nio-8888-exec-1] o.a.c.c.C.[Tomcat].[localhost].[/]       : Initializing Spring DispatcherServlet 'dispatcherServlet'
2026-08-18T14:53:08.501-03:00  INFO 9244 --- [rest-with-spring-boot-and-java-erudio] [nio-8888-exec-1] o.s.web.servlet.DispatcherServlet        : Initializing Servlet 'dispatcherServlet'
2026-08-18T14:53:08.502-03:00  INFO 9244 --- [rest-with-spring-boot-and-java-erudio] [nio-8888-exec-1] o.s.web.servlet.DispatcherServlet        : Completed initialization in 0 ms
2026-08-18T14:53:08.818-03:00  INFO 9244 --- [rest-with-spring-boot-and-java-erudio] [nio-8888-exec-1] c.example.erudio.services.BookServices   : Creating one Book!
2026-08-18T14:53:08.825-03:00  INFO 9244 --- [rest-with-spring-boot-and-java-erudio] [nio-8888-exec-1] c.g.dozermapper.core.util.RuntimeUtils   : OSGi support is false
2026-08-18T14:53:08.827-03:00  INFO 9244 --- [rest-with-spring-boot-and-java-erudio] [nio-8888-exec-1] c.g.d.core.DozerBeanMapperBuilder        : Initializing Dozer. Version: 7.0.0, Thread Name: http-nio-8888-exec-1
2026-08-18T14:53:08.835-03:00  INFO 9244 --- [rest-with-spring-boot-and-java-erudio] [nio-8888-exec-1] d.c.c.r.LegacyPropertiesSettingsResolver : Trying to find Dozer configuration file: dozer.properties
2026-08-18T14:53:08.836-03:00  INFO 9244 --- [rest-with-spring-boot-and-java-erudio] [nio-8888-exec-1] d.c.c.r.LegacyPropertiesSettingsResolver : Failed to find dozer.properties via com.github.dozermapper.core.config.resolvers.LegacyPropertiesSettingsResolver.
2026-08-18T14:53:08.842-03:00  INFO 9244 --- [rest-with-spring-boot-and-java-erudio] [nio-8888-exec-1] c.g.d.core.el.ELExpressionFactory        : jakarta.el is not supported; Failed to resolve ExpressionFactory, com.sun.el.ExpressionFactoryImpl
HTTP/1.1 200 
Vary: Origin
Vary: Access-Control-Request-Method
Vary: Access-Control-Request-Headers
Access-Control-Allow-Origin: http://localhost:8080
Access-Control-Allow-Credentials: true
Content-Type: application/json
Transfer-Encoding: chunked
Date: Tue, 18 Aug 2026 17:53:10 GMT
Keep-Alive: timeout=60
Connection: keep-alive

{
    "id": 1217,
    "author": "Nigel Poulton",
    "launchDate": "2026-08-18T17:53:06.218+00:00",
    "price": 55.99,
    "title": "Docker Deep Dive - Updated",
    "enabled": true,
    "launch_date": "2026-08-18T17:53:06.218+00:00",
    "_links": {
        "self": {
            "href": "http://localhost:8888/api/book/v1/1217",
            "type": "GET"
        },
        "findAll": {
            "href": "http://localhost:8888/api/book/v1?page=1&size=12&direction=asc",
            "type": "GET"
        },
        "create": {
            "href": "http://localhost:8888/api/book/v1",
            "type": "POST"
        },
        "update": {
            "href": "http://localhost:8888/api/book/v1",
            "type": "PUT"
        },
        "disable": {
            "href": "http://localhost:8888/api/book/v1/1217",
            "type": "PATCH"
        },
        "delete": {
            "href": "http://localhost:8888/api/book/v1/1217",
            "type": "DELETE"
        },
        "exportPage": {
            "href": "http://localhost:8888/api/book/v1/exportPage?page=1&size=12&direction=asc",
            "title": "Export Books",
            "type": "GET"
        }
    }
}
]]></system-out>
  </testcase>
  <testcase name="updateTest" classname="com.example.erudio.integrationtests.controllers.withjson.BookControllerJsonTest" time="0.168">
    <system-out><![CDATA[Request method:	PUT
Request URI:	http://localhost:8888/api/book/v1
Proxy:			<none>
Request params:	<none>
Query params:	<none>
Form params:	<none>
Path params:	<none>
Headers:		Origin=http://localhost:8080
				Accept=*/*
				Content-Type=application/json
Cookies:		<none>
Multiparts:		<none>
Body:
{
    "id": 1217,
    "author": "Nigel Poulton",
    "launchDate": 1787075586218,
    "price": 55.99,
    "title": "Docker Deep Dive - Updated",
    "enabled": true
}
2026-08-18T14:53:10.418-03:00  INFO 9244 --- [rest-with-spring-boot-and-java-erudio] [nio-8888-exec-2] c.example.erudio.services.BookServices   : Updating one Book!
HTTP/1.1 200 
Vary: Origin
Vary: Access-Control-Request-Method
Vary: Access-Control-Request-Headers
Access-Control-Allow-Origin: http://localhost:8080
Access-Control-Allow-Credentials: true
Content-Type: application/json
Transfer-Encoding: chunked
Date: Tue, 18 Aug 2026 17:53:10 GMT
Keep-Alive: timeout=60
Connection: keep-alive

{
    "id": 1217,
    "author": "Nigel Poulton",
    "launchDate": "2026-08-18T17:53:06.218+00:00",
    "price": 55.99,
    "title": "Docker Deep Dive - Updated",
    "enabled": true,
    "launch_date": "2026-08-18T17:53:06.218+00:00",
    "_links": {
        "self": {
            "href": "http://localhost:8888/api/book/v1/1217",
            "type": "GET"
        },
        "findAll": {
            "href": "http://localhost:8888/api/book/v1?page=1&size=12&direction=asc",
            "type": "GET"
        },
        "create": {
            "href": "http://localhost:8888/api/book/v1",
            "type": "POST"
        },
        "update": {
            "href": "http://localhost:8888/api/book/v1",
            "type": "PUT"
        },
        "disable": {
            "href": "http://localhost:8888/api/book/v1/1217",
            "type": "PATCH"
        },
        "delete": {
            "href": "http://localhost:8888/api/book/v1/1217",
            "type": "DELETE"
        },
        "exportPage": {
            "href": "http://localhost:8888/api/book/v1/exportPage?page=1&size=12&direction=asc",
            "title": "Export Books",
            "type": "GET"
        }
    }
}
]]></system-out>
  </testcase>
  <testcase name="findByIdTest" classname="com.example.erudio.integrationtests.controllers.withjson.BookControllerJsonTest" time="0.287">
    <system-out><![CDATA[Request method:	GET
Request URI:	http://localhost:8888/api/book/v1/1217
Proxy:			<none>
Request params:	<none>
Query params:	<none>
Form params:	<none>
Path params:	id=1217
Headers:		Origin=http://localhost:8080
				Accept=*/*
				Content-Type=application/json
Cookies:		<none>
Multiparts:		<none>
Body:			<none>
2026-08-18T14:53:10.640-03:00  INFO 9244 --- [rest-with-spring-boot-and-java-erudio] [nio-8888-exec-3] c.example.erudio.services.BookServices   : Finding one Book!
HTTP/1.1 200 
Vary: Origin
Vary: Access-Control-Request-Method
Vary: Access-Control-Request-Headers
Access-Control-Allow-Origin: http://localhost:8080
Access-Control-Allow-Credentials: true
Content-Type: application/json
Transfer-Encoding: chunked
Date: Tue, 18 Aug 2026 17:53:10 GMT
Keep-Alive: timeout=60
Connection: keep-alive

{
    "id": 1217,
    "author": "Nigel Poulton",
    "launchDate": "2026-08-18T03:00:00.000+00:00",
    "price": 55.99,
    "title": "Docker Deep Dive - Updated",
    "enabled": true,
    "launch_date": "2026-08-18T03:00:00.000+00:00",
    "_links": {
        "self": {
            "href": "http://localhost:8888/api/book/v1/1217",
            "type": "GET"
        },
        "findAll": {
            "href": "http://localhost:8888/api/book/v1?page=1&size=12&direction=asc",
            "type": "GET"
        },
        "create": {
            "href": "http://localhost:8888/api/book/v1",
            "type": "POST"
        },
        "update": {
            "href": "http://localhost:8888/api/book/v1",
            "type": "PUT"
        },
        "disable": {
            "href": "http://localhost:8888/api/book/v1/1217",
            "type": "PATCH"
        },
        "delete": {
            "href": "http://localhost:8888/api/book/v1/1217",
            "type": "DELETE"
        },
        "exportPage": {
            "href": "http://localhost:8888/api/book/v1/exportPage?page=1&size=12&direction=asc",
            "title": "Export Books",
            "type": "GET"
        }
    }
}
]]></system-out>
  </testcase>
  <testcase name="disableTest" classname="com.example.erudio.integrationtests.controllers.withjson.BookControllerJsonTest" time="0.346">
    <system-out><![CDATA[Request method:	PATCH
Request URI:	http://localhost:8888/api/book/v1/1217
Proxy:			<none>
Request params:	<none>
Query params:	<none>
Form params:	<none>
Path params:	id=1217
Headers:		Origin=http://localhost:8080
				Accept=*/*
				Content-Type=application/json
Cookies:		<none>
Multiparts:		<none>
Body:			<none>
2026-08-18T14:53:10.837-03:00  INFO 9244 --- [rest-with-spring-boot-and-java-erudio] [nio-8888-exec-4] c.example.erudio.services.BookServices   : Disabling one Book!
HTTP/1.1 200 
Vary: Origin
Vary: Access-Control-Request-Method
Vary: Access-Control-Request-Headers
Access-Control-Allow-Origin: http://localhost:8080
Access-Control-Allow-Credentials: true
Content-Type: application/json
Transfer-Encoding: chunked
Date: Tue, 18 Aug 2026 17:53:11 GMT
Keep-Alive: timeout=60
Connection: keep-alive

{
    "id": 1217,
    "author": "Nigel Poulton",
    "launchDate": "2026-08-18T03:00:00.000+00:00",
    "price": 55.99,
    "title": "Docker Deep Dive - Updated",
    "enabled": false,
    "launch_date": "2026-08-18T03:00:00.000+00:00",
    "_links": {
        "self": {
            "href": "http://localhost:8888/api/book/v1/1217",
            "type": "GET"
        },
        "findAll": {
            "href": "http://localhost:8888/api/book/v1?page=1&size=12&direction=asc",
            "type": "GET"
        },
        "create": {
            "href": "http://localhost:8888/api/book/v1",
            "type": "POST"
        },
        "update": {
            "href": "http://localhost:8888/api/book/v1",
            "type": "PUT"
        },
        "disable": {
            "href": "http://localhost:8888/api/book/v1/1217",
            "type": "PATCH"
        },
        "delete": {
            "href": "http://localhost:8888/api/book/v1/1217",
            "type": "DELETE"
        },
        "exportPage": {
            "href": "http://localhost:8888/api/book/v1/exportPage?page=1&size=12&direction=asc",
            "title": "Export Books",
            "type": "GET"
        }
    }
}
]]></system-out>
  </testcase>
  <testcase name="deleteTest" classname="com.example.erudio.integrationtests.controllers.withjson.BookControllerJsonTest" time="0.231">
    <system-out><![CDATA[Request method:	DELETE
Request URI:	http://localhost:8888/api/book/v1/1217
Proxy:			<none>
Request params:	<none>
Query params:	<none>
Form params:	<none>
Path params:	id=1217
Headers:		Origin=http://localhost:8080
				Accept=*/*
Cookies:		<none>
Multiparts:		<none>
Body:			<none>
2026-08-18T14:53:11.182-03:00  INFO 9244 --- [rest-with-spring-boot-and-java-erudio] [nio-8888-exec-5] c.example.erudio.services.BookServices   : Deleting one Book!
HTTP/1.1 204 
Vary: Origin
Vary: Access-Control-Request-Method
Vary: Access-Control-Request-Headers
Access-Control-Allow-Origin: http://localhost:8080
Access-Control-Allow-Credentials: true
Date: Tue, 18 Aug 2026 17:53:11 GMT
Keep-Alive: timeout=60
Connection: keep-alive
]]></system-out>
  </testcase>
  <testcase name="findAllTest" classname="com.example.erudio.integrationtests.controllers.withjson.BookControllerJsonTest" time="0.361">
    <failure message="expected: &lt;Assimilated real-time function&gt; but was: &lt;Ameliorated fresh-thinking encryption&gt;" type="org.opentest4j.AssertionFailedError"><![CDATA[org.opentest4j.AssertionFailedError: expected: <Assimilated real-time function> but was: <Ameliorated fresh-thinking encryption>
	at org.junit.jupiter.api.AssertionFailureBuilder.build(AssertionFailureBuilder.java:151)
	at org.junit.jupiter.api.AssertionFailureBuilder.buildAndThrow(AssertionFailureBuilder.java:132)
	at org.junit.jupiter.api.AssertEquals.failNotEqual(AssertEquals.java:197)
	at org.junit.jupiter.api.AssertEquals.assertEquals(AssertEquals.java:182)
	at org.junit.jupiter.api.AssertEquals.assertEquals(AssertEquals.java:177)
	at org.junit.jupiter.api.Assertions.assertEquals(Assertions.java:1145)
	at com.example.erudio.integrationtests.controllers.withjson.BookControllerJsonTest.findAllTest(BookControllerJsonTest.java:207)
	at java.base/java.lang.reflect.Method.invoke(Method.java:565)
	at java.base/java.util.ArrayList.forEach(ArrayList.java:1604)
	at java.base/java.util.ArrayList.forEach(ArrayList.java:1604)
]]></failure>
    <system-out><![CDATA[Request method:	GET
Request URI:	http://localhost:8888/api/book/v1?page=3&size=12&direction=asc
Proxy:			<none>
Request params:	<none>
Query params:	page=3
				size=12
				direction=asc
Form params:	<none>
Path params:	<none>
Headers:		Origin=http://localhost:8080
				Accept=*/*
				Content-Type=application/json
Cookies:		<none>
Multiparts:		<none>
Body:			<none>
HTTP/1.1 200 
Vary: Origin
Vary: Access-Control-Request-Method
Vary: Access-Control-Request-Headers
Access-Control-Allow-Origin: http://localhost:8080
Access-Control-Allow-Credentials: true
Content-Type: application/json
Transfer-Encoding: chunked
Date: Tue, 18 Aug 2026 17:53:11 GMT
Keep-Alive: timeout=60
Connection: keep-alive

{
    "_embedded": {
        "book": [
            {
                "id": 204,
                "author": "Robinett Samter",
                "launchDate": "2026-06-15T03:00:00.000+00:00",
                "price": 18.99,
                "title": "Ameliorated fresh-thinking encryption",
                "enabled": true,
                "launch_date": "2026-06-15T03:00:00.000+00:00",
                "_links": {
                    "self": {
                        "href": "http://localhost:8888/api/book/v1/204",
                        "type": "GET"
                    },
                    "findAll": {
                        "href": "http://localhost:8888/api/book/v1?page=1&size=12&direction=asc",
                        "type": "GET"
                    },
                    "create": {
                        "href": "http://localhost:8888/api/book/v1",
                        "type": "POST"
                    },
                    "update": {
                        "href": "http://localhost:8888/api/book/v1",
                        "type": "PUT"
                    },
                    "disable": {
                        "href": "http://localhost:8888/api/book/v1/204",
                        "type": "PATCH"
                    },
                    "delete": {
                        "href": "http://localhost:8888/api/book/v1/204",
                        "type": "DELETE"
                    },
                    "exportPage": {
                        "href": "http://localhost:8888/api/book/v1/exportPage?page=1&size=12&direction=asc",
                        "title": "Export Books",
                        "type": "GET"
                    }
                }
            },
            {
                "id": 322,
                "author": "Eric Bruniges",
                "launchDate": "2025-11-14T03:00:00.000+00:00",
                "price": 5.29,
                "title": "Ameliorated global infrastructure",
                "enabled": true,
                "launch_date": "2025-11-14T03:00:00.000+00:00",
                "_links": {
                    "self": {
                        "href": "http://localhost:8888/api/book/v1/322",
                        "type": "GET"
                    },
                    "findAll": {
                        "href": "http://localhost:8888/api/book/v1?page=1&size=12&direction=asc",
                        "type": "GET"
                    },
                    "create": {
                        "href": "http://localhost:8888/api/book/v1",
                        "type": "POST"
                    },
                    "update": {
                        "href": "http://localhost:8888/api/book/v1",
                        "type": "PUT"
                    },
                    "disable": {
                        "href": "http://localhost:8888/api/book/v1/322",
                        "type": "PATCH"
                    },
                    "delete": {
                        "href": "http://localhost:8888/api/book/v1/322",
                        "type": "DELETE"
                    },
                    "exportPage": {
                        "href": "http://localhost:8888/api/book/v1/exportPage?page=1&size=12&direction=asc",
                        "title": "Export Books",
                        "type": "GET"
                    }
                }
            },
            {
                "id": 870,
                "author": "Carolann Ziemke",
                "launchDate": "2026-05-17T03:00:00.000+00:00",
                "price": 5.99,
                "title": "Ameliorated leading edge definition",
                "enabled": true,
                "launch_date": "2026-05-17T03:00:00.000+00:00",
                "_links": {
                    "self": {
                        "href": "http://localhost:8888/api/book/v1/870",
                        "type": "GET"
                    },
                    "findAll": {
                        "href": "http://localhost:8888/api/book/v1?page=1&size=12&direction=asc",
                        "type": "GET"
                    },
                    "create": {
                        "href": "http://localhost:8888/api/book/v1",
                        "type": "POST"
                    },
                    "update": {
                        "href": "http://localhost:8888/api/book/v1",
                        "type": "PUT"
                    },
                    "disable": {
                        "href": "http://localhost:8888/api/book/v1/870",
                        "type": "PATCH"
                    },
                    "delete": {
                        "href": "http://localhost:8888/api/book/v1/870",
                        "type": "DELETE"
                    },
                    "exportPage": {
                        "href": "http://localhost:8888/api/book/v1/exportPage?page=1&size=12&direction=asc",
                        "title": "Export Books",
                        "type": "GET"
                    }
                }
            },
            {
                "id": 511,
                "author": "Viviyan Leteurtre",
                "launchDate": "2026-02-04T03:00:00.000+00:00",
                "price": 6.49,
                "title": "Ameliorated mission-critical hierarchy",
                "enabled": true,
                "launch_date": "2026-02-04T03:00:00.000+00:00",
                "_links": {
                    "self": {
                        "href": "http://localhost:8888/api/book/v1/511",
                        "type": "GET"
                    },
                    "findAll": {
                        "href": "http://localhost:8888/api/book/v1?page=1&size=12&direction=asc",
                        "type": "GET"
                    },
                    "create": {
                        "href": "http://localhost:8888/api/book/v1",
                        "type": "POST"
                    },
                    "update": {
                        "href": "http://localhost:8888/api/book/v1",
                        "type": "PUT"
                    },
                    "disable": {
                        "href": "http://localhost:8888/api/book/v1/511",
                        "type": "PATCH"
                    },
                    "delete": {
                        "href": "http://localhost:8888/api/book/v1/511",
                        "type": "DELETE"
                    },
                    "exportPage": {
                        "href": "http://localhost:8888/api/book/v1/exportPage?page=1&size=12&direction=asc",
                        "title": "Export Books",
                        "type": "GET"
                    }
                }
            },
            {
                "id": 337,
                "author": "Anatol Liebrecht",
                "launchDate": "2026-01-30T03:00:00.000+00:00",
                "price": 24.99,
                "title": "Ameliorated radical analyzer",
                "enabled": true,
                "launch_date": "2026-01-30T03:00:00.000+00:00",
                "_links": {
                    "self": {
                        "href": "http://localhost:8888/api/book/v1/337",
                        "type": "GET"
                    },
                    "findAll": {
                        "href": "http://localhost:8888/api/book/v1?page=1&size=12&direction=asc",
                        "type": "GET"
                    },
                    "create": {
                        "href": "http://localhost:8888/api/book/v1",
                        "type": "POST"
                    },
                    "update": {
                        "href": "http://localhost:8888/api/book/v1",
                        "type": "PUT"
                    },
                    "disable": {
                        "href": "http://localhost:8888/api/book/v1/337",
                        "type": "PATCH"
                    },
                    "delete": {
                        "href": "http://localhost:8888/api/book/v1/337",
                        "type": "DELETE"
                    },
                    "exportPage": {
                        "href": "http://localhost:8888/api/book/v1/exportPage?page=1&size=12&direction=asc",
                        "title": "Export Books",
                        "type": "GET"
                    }
                }
            },
            {
                "id": 270,
                "author": "Lucita Cherrie",
                "launchDate": "2026-03-31T03:00:00.000+00:00",
                "price": 2.99,
                "title": "Ameliorated system-worthy attitude",
                "enabled": true,
                "launch_date": "2026-03-31T03:00:00.000+00:00",
                "_links": {
                    "self": {
                        "href": "http://localhost:8888/api/book/v1/270",
                        "type": "GET"
                    },
                    "findAll": {
                        "href": "http://localhost:8888/api/book/v1?page=1&size=12&direction=asc",
                        "type": "GET"
                    },
                    "create": {
                        "href": "http://localhost:8888/api/book/v1",
                        "type": "POST"
                    },
                    "update": {
                        "href": "http://localhost:8888/api/book/v1",
                        "type": "PUT"
                    },
                    "disable": {
                        "href": "http://localhost:8888/api/book/v1/270",
                        "type": "PATCH"
                    },
                    "delete": {
                        "href": "http://localhost:8888/api/book/v1/270",
                        "type": "DELETE"
                    },
                    "exportPage": {
                        "href": "http://localhost:8888/api/book/v1/exportPage?page=1&size=12&direction=asc",
                        "title": "Export Books",
                        "type": "GET"
                    }
                }
            },
            {
                "id": 309,
                "author": "Murvyn Cromwell",
                "launchDate": "2026-05-12T03:00:00.000+00:00",
                "price": 9.99,
                "title": "Ameliorated value-added orchestration",
                "enabled": true,
                "launch_date": "2026-05-12T03:00:00.000+00:00",
                "_links": {
                    "self": {
                        "href": "http://localhost:8888/api/book/v1/309",
                        "type": "GET"
                    },
                    "findAll": {
                        "href": "http://localhost:8888/api/book/v1?page=1&size=12&direction=asc",
                        "type": "GET"
                    },
                    "create": {
                        "href": "http://localhost:8888/api/book/v1",
                        "type": "POST"
                    },
                    "update": {
                        "href": "http://localhost:8888/api/book/v1",
                        "type": "PUT"
                    },
                    "disable": {
                        "href": "http://localhost:8888/api/book/v1/309",
                        "type": "PATCH"
                    },
                    "delete": {
                        "href": "http://localhost:8888/api/book/v1/309",
                        "type": "DELETE"
                    },
                    "exportPage": {
                        "href": "http://localhost:8888/api/book/v1/exportPage?page=1&size=12&direction=asc",
                        "title": "Export Books",
                        "type": "GET"
                    }
                }
            },
            {
                "id": 726,
                "author": "Rheta Kleinstern",
                "launchDate": "2026-03-30T03:00:00.000+00:00",
                "price": 4.29,
                "title": "Ameliorated web-enabled local area network",
                "enabled": true,
                "launch_date": "2026-03-30T03:00:00.000+00:00",
                "_links": {
                    "self": {
                        "href": "http://localhost:8888/api/book/v1/726",
                        "type": "GET"
                    },
                    "findAll": {
                        "href": "http://localhost:8888/api/book/v1?page=1&size=12&direction=asc",
                        "type": "GET"
                    },
                    "create": {
                        "href": "http://localhost:8888/api/book/v1",
                        "type": "POST"
                    },
                    "update": {
                        "href": "http://localhost:8888/api/book/v1",
                        "type": "PUT"
                    },
                    "disable": {
                        "href": "http://localhost:8888/api/book/v1/726",
                        "type": "PATCH"
                    },
                    "delete": {
                        "href": "http://localhost:8888/api/book/v1/726",
                        "type": "DELETE"
                    },
                    "exportPage": {
                        "href": "http://localhost:8888/api/book/v1/exportPage?page=1&size=12&direction=asc",
                        "title": "Export Books",
                        "type": "GET"
                    }
                }
            },
            {
                "id": 350,
                "author": "Lawry Saterthwait",
                "launchDate": "2025-07-31T03:00:00.000+00:00",
                "price": 2.79,
                "title": "Ameliorated zero administration benchmark",
                "enabled": true,
                "launch_date": "2025-07-31T03:00:00.000+00:00",
                "_links": {
                    "self": {
                        "href": "http://localhost:8888/api/book/v1/350",
                        "type": "GET"
                    },
                    "findAll": {
                        "href": "http://localhost:8888/api/book/v1?page=1&size=12&direction=asc",
                        "type": "GET"
                    },
                    "create": {
                        "href": "http://localhost:8888/api/book/v1",
                        "type": "POST"
                    },
                    "update": {
                        "href": "http://localhost:8888/api/book/v1",
                        "type": "PUT"
                    },
                    "disable": {
                        "href": "http://localhost:8888/api/book/v1/350",
                        "type": "PATCH"
                    },
                    "delete": {
                        "href": "http://localhost:8888/api/book/v1/350",
                        "type": "DELETE"
                    },
                    "exportPage": {
                        "href": "http://localhost:8888/api/book/v1/exportPage?page=1&size=12&direction=asc",
                        "title": "Export Books",
                        "type": "GET"
                    }
                }
            },
            {
                "id": 630,
                "author": "Sebastian Durgan",
                "launchDate": "2025-11-18T03:00:00.000+00:00",
                "price": 10.99,
                "title": "Assimilated 3rd generation flexibility",
                "enabled": true,
                "launch_date": "2025-11-18T03:00:00.000+00:00",
                "_links": {
                    "self": {
                        "href": "http://localhost:8888/api/book/v1/630",
                        "type": "GET"
                    },
                    "findAll": {
                        "href": "http://localhost:8888/api/book/v1?page=1&size=12&direction=asc",
                        "type": "GET"
                    },
                    "create": {
                        "href": "http://localhost:8888/api/book/v1",
                        "type": "POST"
                    },
                    "update": {
                        "href": "http://localhost:8888/api/book/v1",
                        "type": "PUT"
                    },
                    "disable": {
                        "href": "http://localhost:8888/api/book/v1/630",
                        "type": "PATCH"
                    },
                    "delete": {
                        "href": "http://localhost:8888/api/book/v1/630",
                        "type": "DELETE"
                    },
                    "exportPage": {
                        "href": "http://localhost:8888/api/book/v1/exportPage?page=1&size=12&direction=asc",
                        "title": "Export Books",
                        "type": "GET"
                    }
                }
            },
            {
                "id": 710,
                "author": "Beniamino Dawdary",
                "launchDate": "2025-10-25T03:00:00.000+00:00",
                "price": 5.99,
                "title": "Assimilated 6th generation service-desk",
                "enabled": true,
                "launch_date": "2025-10-25T03:00:00.000+00:00",
                "_links": {
                    "self": {
                        "href": "http://localhost:8888/api/book/v1/710",
                        "type": "GET"
                    },
                    "findAll": {
                        "href": "http://localhost:8888/api/book/v1?page=1&size=12&direction=asc",
                        "type": "GET"
                    },
                    "create": {
                        "href": "http://localhost:8888/api/book/v1",
                        "type": "POST"
                    },
                    "update": {
                        "href": "http://localhost:8888/api/book/v1",
                        "type": "PUT"
                    },
                    "disable": {
                        "href": "http://localhost:8888/api/book/v1/710",
                        "type": "PATCH"
                    },
                    "delete": {
                        "href": "http://localhost:8888/api/book/v1/710",
                        "type": "DELETE"
                    },
                    "exportPage": {
                        "href": "http://localhost:8888/api/book/v1/exportPage?page=1&size=12&direction=asc",
                        "title": "Export Books",
                        "type": "GET"
                    }
                }
            },
            {
                "id": 553,
                "author": "Bernardine Drysdall",
                "launchDate": "2026-03-26T03:00:00.000+00:00",
                "price": 5.49,
                "title": "Assimilated bandwidth-monitored middleware",
                "enabled": true,
                "launch_date": "2026-03-26T03:00:00.000+00:00",
                "_links": {
                    "self": {
                        "href": "http://localhost:8888/api/book/v1/553",
                        "type": "GET"
                    },
                    "findAll": {
                        "href": "http://localhost:8888/api/book/v1?page=1&size=12&direction=asc",
                        "type": "GET"
                    },
                    "create": {
                        "href": "http://localhost:8888/api/book/v1",
                        "type": "POST"
                    },
                    "update": {
                        "href": "http://localhost:8888/api/book/v1",
                        "type": "PUT"
                    },
                    "disable": {
                        "href": "http://localhost:8888/api/book/v1/553",
                        "type": "PATCH"
                    },
                    "delete": {
                        "href": "http://localhost:8888/api/book/v1/553",
                        "type": "DELETE"
                    },
                    "exportPage": {
                        "href": "http://localhost:8888/api/book/v1/exportPage?page=1&size=12&direction=asc",
                        "title": "Export Books",
                        "type": "GET"
                    }
                }
            }
        ]
    },
    "_links": {
        "first": {
            "href": "http://localhost:8888/api/book/v1?direction=title%3A%20ASC&page=0&size=12&sort=title,asc"
        },
        "prev": {
            "href": "http://localhost:8888/api/book/v1?direction=title%3A%20ASC&page=2&size=12&sort=title,asc"
        },
        "self": {
            "href": "http://localhost:8888/api/book/v1?page=3&size=12&direction=title%3A%20ASC"
        },
        "next": {
            "href": "http://localhost:8888/api/book/v1?direction=title%3A%20ASC&page=4&size=12&sort=title,asc"
        },
        "last": {
            "href": "http://localhost:8888/api/book/v1?direction=title%3A%20ASC&page=101&size=12&sort=title,asc"
        }
    },
    "page": {
        "size": 12,
        "totalElements": 1216,
        "totalPages": 102,
        "number": 3
    }
}
]]></system-out>
  </testcase>
  <testcase name="findByAuthorTest" classname="com.example.erudio.integrationtests.controllers.withjson.BookControllerJsonTest" time="0.272">
    <system-out><![CDATA[Request method:	GET
Request URI:	http://localhost:8888/api/book/v1/findBooksByAuthor/and?page=0&size=12&direction=asc
Proxy:			<none>
Request params:	<none>
Query params:	page=0
				size=12
				direction=asc
Form params:	<none>
Path params:	author=and
Headers:		Origin=http://localhost:8080
				Accept=*/*
				Content-Type=application/json
Cookies:		<none>
Multiparts:		<none>
Body:			<none>
2026-08-18T14:53:11.867-03:00  INFO 9244 --- [rest-with-spring-boot-and-java-erudio] [nio-8888-exec-1] c.example.erudio.services.BookServices   : Finding Books by author
HTTP/1.1 200 
Vary: Origin
Vary: Access-Control-Request-Method
Vary: Access-Control-Request-Headers
Access-Control-Allow-Origin: http://localhost:8080
Access-Control-Allow-Credentials: true
Content-Type: application/json
Transfer-Encoding: chunked
Date: Tue, 18 Aug 2026 17:53:12 GMT
Keep-Alive: timeout=60
Connection: keep-alive

{
    "_embedded": {
        "book": [
            {
                "id": 15,
                "author": "Aguinaldo Aragon Fernandes e Vladimir Ferraz de Abreu",
                "launchDate": "2017-11-07T02:00:00.000+00:00",
                "price": 54.0,
                "title": "Implantando a governança de TI",
                "enabled": true,
                "launch_date": "2017-11-07T02:00:00.000+00:00",
                "_links": {
                    "self": {
                        "href": "http://localhost:8888/api/book/v1/15",
                        "type": "GET"
                    },
                    "findAll": {
                        "href": "http://localhost:8888/api/book/v1?page=1&size=12&direction=asc",
                        "type": "GET"
                    },
                    "create": {
                        "href": "http://localhost:8888/api/book/v1",
                        "type": "POST"
                    },
                    "update": {
                        "href": "http://localhost:8888/api/book/v1",
                        "type": "PUT"
                    },
                    "disable": {
                        "href": "http://localhost:8888/api/book/v1/15",
                        "type": "PATCH"
                    },
                    "delete": {
                        "href": "http://localhost:8888/api/book/v1/15",
                        "type": "DELETE"
                    },
                    "exportPage": {
                        "href": "http://localhost:8888/api/book/v1/exportPage?page=1&size=12&direction=asc",
                        "title": "Export Books",
                        "type": "GET"
                    }
                }
            },
            {
                "id": 16,
                "author": "Aguinaldo Aragon Fernandes e Vladimir Ferraz de Abreu",
                "launchDate": "2017-11-07T02:00:00.000+00:00",
                "price": 54.0,
                "title": "Implantando a governança de TI",
                "enabled": true,
                "launch_date": "2017-11-07T02:00:00.000+00:00",
                "_links": {
                    "self": {
                        "href": "http://localhost:8888/api/book/v1/16",
                        "type": "GET"
                    },
                    "findAll": {
                        "href": "http://localhost:8888/api/book/v1?page=1&size=12&direction=asc",
                        "type": "GET"
                    },
                    "create": {
                        "href": "http://localhost:8888/api/book/v1",
                        "type": "POST"
                    },
                    "update": {
                        "href": "http://localhost:8888/api/book/v1",
                        "type": "PUT"
                    },
                    "disable": {
                        "href": "http://localhost:8888/api/book/v1/16",
                        "type": "PATCH"
                    },
                    "delete": {
                        "href": "http://localhost:8888/api/book/v1/16",
                        "type": "DELETE"
                    },
                    "exportPage": {
                        "href": "http://localhost:8888/api/book/v1/exportPage?page=1&size=12&direction=asc",
                        "title": "Export Books",
                        "type": "GET"
                    }
                }
            },
            {
                "id": 675,
                "author": "Aimil Anderton",
                "launchDate": "2026-06-16T03:00:00.000+00:00",
                "price": 4.99,
                "title": "Compatible static encryption",
                "enabled": true,
                "launch_date": "2026-06-16T03:00:00.000+00:00",
                "_links": {
                    "self": {
                        "href": "http://localhost:8888/api/book/v1/675",
                        "type": "GET"
                    },
                    "findAll": {
                        "href": "http://localhost:8888/api/book/v1?page=1&size=12&direction=asc",
                        "type": "GET"
                    },
                    "create": {
                        "href": "http://localhost:8888/api/book/v1",
                        "type": "POST"
                    },
                    "update": {
                        "href": "http://localhost:8888/api/book/v1",
                        "type": "PUT"
                    },
                    "disable": {
                        "href": "http://localhost:8888/api/book/v1/675",
                        "type": "PATCH"
                    },
                    "delete": {
                        "href": "http://localhost:8888/api/book/v1/675",
                        "type": "DELETE"
                    },
                    "exportPage": {
                        "href": "http://localhost:8888/api/book/v1/exportPage?page=1&size=12&direction=asc",
                        "title": "Export Books",
                        "type": "GET"
                    }
                }
            },
            {
                "id": 181,
                "author": "Alejandra Hand",
                "launchDate": "2025-11-05T03:00:00.000+00:00",
                "price": 6.99,
                "title": "Public-key real-time flexibility",
                "enabled": true,
                "launch_date": "2025-11-05T03:00:00.000+00:00",
                "_links": {
                    "self": {
                        "href": "http://localhost:8888/api/book/v1/181",
                        "type": "GET"
                    },
                    "findAll": {
                        "href": "http://localhost:8888/api/book/v1?page=1&size=12&direction=asc",
                        "type": "GET"
                    },
                    "create": {
                        "href": "http://localhost:8888/api/book/v1",
                        "type": "POST"
                    },
                    "update": {
                        "href": "http://localhost:8888/api/book/v1",
                        "type": "PUT"
                    },
                    "disable": {
                        "href": "http://localhost:8888/api/book/v1/181",
                        "type": "PATCH"
                    },
                    "delete": {
                        "href": "http://localhost:8888/api/book/v1/181",
                        "type": "DELETE"
                    },
                    "exportPage": {
                        "href": "http://localhost:8888/api/book/v1/exportPage?page=1&size=12&direction=asc",
                        "title": "Export Books",
                        "type": "GET"
                    }
                }
            },
            {
                "id": 809,
                "author": "Alejandro Queree",
                "launchDate": "2026-05-21T03:00:00.000+00:00",
                "price": 89.99,
                "title": "Synergistic responsive installation",
                "enabled": true,
                "launch_date": "2026-05-21T03:00:00.000+00:00",
                "_links": {
                    "self": {
                        "href": "http://localhost:8888/api/book/v1/809",
                        "type": "GET"
                    },
                    "findAll": {
                        "href": "http://localhost:8888/api/book/v1?page=1&size=12&direction=asc",
                        "type": "GET"
                    },
                    "create": {
                        "href": "http://localhost:8888/api/book/v1",
                        "type": "POST"
                    },
                    "update": {
                        "href": "http://localhost:8888/api/book/v1",
                        "type": "PUT"
                    },
                    "disable": {
                        "href": "http://localhost:8888/api/book/v1/809",
                        "type": "PATCH"
                    },
                    "delete": {
                        "href": "http://localhost:8888/api/book/v1/809",
                        "type": "DELETE"
                    },
                    "exportPage": {
                        "href": "http://localhost:8888/api/book/v1/exportPage?page=1&size=12&direction=asc",
                        "title": "Export Books",
                        "type": "GET"
                    }
                }
            },
            {
                "id": 554,
                "author": "Amandie Karoly",
                "launchDate": "2026-04-02T03:00:00.000+00:00",
                "price": 19.99,
                "title": "Networked fault-tolerant middleware",
                "enabled": true,
                "launch_date": "2026-04-02T03:00:00.000+00:00",
                "_links": {
                    "self": {
                        "href": "http://localhost:8888/api/book/v1/554",
                        "type": "GET"
                    },
                    "findAll": {
                        "href": "http://localhost:8888/api/book/v1?page=1&size=12&direction=asc",
                        "type": "GET"
                    },
                    "create": {
                        "href": "http://localhost:8888/api/book/v1",
                        "type": "POST"
                    },
                    "update": {
                        "href": "http://localhost:8888/api/book/v1",
                        "type": "PUT"
                    },
                    "disable": {
                        "href": "http://localhost:8888/api/book/v1/554",
                        "type": "PATCH"
                    },
                    "delete": {
                        "href": "http://localhost:8888/api/book/v1/554",
                        "type": "DELETE"
                    },
                    "exportPage": {
                        "href": "http://localhost:8888/api/book/v1/exportPage?page=1&size=12&direction=asc",
                        "title": "Export Books",
                        "type": "GET"
                    }
                }
            },
            {
                "id": 773,
                "author": "Andra Tolworthy",
                "launchDate": "2026-03-29T03:00:00.000+00:00",
                "price": 12.99,
                "title": "Business-focused bifurcated matrix",
                "enabled": true,
                "launch_date": "2026-03-29T03:00:00.000+00:00",
                "_links": {
                    "self": {
                        "href": "http://localhost:8888/api/book/v1/773",
                        "type": "GET"
                    },
                    "findAll": {
                        "href": "http://localhost:8888/api/book/v1?page=1&size=12&direction=asc",
                        "type": "GET"
                    },
                    "create": {
                        "href": "http://localhost:8888/api/book/v1",
                        "type": "POST"
                    },
                    "update": {
                        "href": "http://localhost:8888/api/book/v1",
                        "type": "PUT"
                    },
                    "disable": {
                        "href": "http://localhost:8888/api/book/v1/773",
                        "type": "PATCH"
                    },
                    "delete": {
                        "href": "http://localhost:8888/api/book/v1/773",
                        "type": "DELETE"
                    },
                    "exportPage": {
                        "href": "http://localhost:8888/api/book/v1/exportPage?page=1&size=12&direction=asc",
                        "title": "Export Books",
                        "type": "GET"
                    }
                }
            },
            {
                "id": 429,
                "author": "Andras Hoffman",
                "launchDate": "2026-05-26T03:00:00.000+00:00",
                "price": 12.99,
                "title": "User-centric optimizing adapter",
                "enabled": true,
                "launch_date": "2026-05-26T03:00:00.000+00:00",
                "_links": {
                    "self": {
                        "href": "http://localhost:8888/api/book/v1/429",
                        "type": "GET"
                    },
                    "findAll": {
                        "href": "http://localhost:8888/api/book/v1?page=1&size=12&direction=asc",
                        "type": "GET"
                    },
                    "create": {
                        "href": "http://localhost:8888/api/book/v1",
                        "type": "POST"
                    },
                    "update": {
                        "href": "http://localhost:8888/api/book/v1",
                        "type": "PUT"
                    },
                    "disable": {
                        "href": "http://localhost:8888/api/book/v1/429",
                        "type": "PATCH"
                    },
                    "delete": {
                        "href": "http://localhost:8888/api/book/v1/429",
                        "type": "DELETE"
                    },
                    "exportPage": {
                        "href": "http://localhost:8888/api/book/v1/exportPage?page=1&size=12&direction=asc",
                        "title": "Export Books",
                        "type": "GET"
                    }
                }
            },
            {
                "id": 1026,
                "author": "Andrew Hunt e David Thomas",
                "launchDate": "2001-01-02T02:00:00.000+00:00",
                "price": 115.58,
                "title": "The Pragmatic Programmer",
                "enabled": true,
                "launch_date": "2001-01-02T02:00:00.000+00:00",
                "_links": {
                    "self": {
                        "href": "http://localhost:8888/api/book/v1/1026",
                        "type": "GET"
                    },
                    "findAll": {
                        "href": "http://localhost:8888/api/book/v1?page=1&size=12&direction=asc",
                        "type": "GET"
                    },
                    "create": {
                        "href": "http://localhost:8888/api/book/v1",
                        "type": "POST"
                    },
                    "update": {
                        "href": "http://localhost:8888/api/book/v1",
                        "type": "PUT"
                    },
                    "disable": {
                        "href": "http://localhost:8888/api/book/v1/1026",
                        "type": "PATCH"
                    },
                    "delete": {
                        "href": "http://localhost:8888/api/book/v1/1026",
                        "type": "DELETE"
                    },
                    "exportPage": {
                        "href": "http://localhost:8888/api/book/v1/exportPage?page=1&size=12&direction=asc",
                        "title": "Export Books",
                        "type": "GET"
                    }
                }
            },
            {
                "id": 1094,
                "author": "Andrew Hunt e David Thomas",
                "launchDate": "2011-07-25T03:00:00.000+00:00",
                "price": 149.62,
                "title": "The Pragmatic Programmer",
                "enabled": true,
                "launch_date": "2011-07-25T03:00:00.000+00:00",
                "_links": {
                    "self": {
                        "href": "http://localhost:8888/api/book/v1/1094",
                        "type": "GET"
                    },
                    "findAll": {
                        "href": "http://localhost:8888/api/book/v1?page=1&size=12&direction=asc",
                        "type": "GET"
                    },
                    "create": {
                        "href": "http://localhost:8888/api/book/v1",
                        "type": "POST"
                    },
                    "update": {
                        "href": "http://localhost:8888/api/book/v1",
                        "type": "PUT"
                    },
                    "disable": {
                        "href": "http://localhost:8888/api/book/v1/1094",
                        "type": "PATCH"
                    },
                    "delete": {
                        "href": "http://localhost:8888/api/book/v1/1094",
                        "type": "DELETE"
                    },
                    "exportPage": {
                        "href": "http://localhost:8888/api/book/v1/exportPage?page=1&size=12&direction=asc",
                        "title": "Export Books",
                        "type": "GET"
                    }
                }
            },
            {
                "id": 1067,
                "author": "Andrew Hunt e David Thomas",
                "launchDate": "2005-03-22T03:00:00.000+00:00",
                "price": 105.75,
                "title": "The Pragmatic Programmer",
                "enabled": true,
                "launch_date": "2005-03-22T03:00:00.000+00:00",
                "_links": {
                    "self": {
                        "href": "http://localhost:8888/api/book/v1/1067",
                        "type": "GET"
                    },
                    "findAll": {
                        "href": "http://localhost:8888/api/book/v1?page=1&size=12&direction=asc",
                        "type": "GET"
                    },
                    "create": {
                        "href": "http://localhost:8888/api/book/v1",
                        "type": "POST"
                    },
                    "update": {
                        "href": "http://localhost:8888/api/book/v1",
                        "type": "PUT"
                    },
                    "disable": {
                        "href": "http://localhost:8888/api/book/v1/1067",
                        "type": "PATCH"
                    },
                    "delete": {
                        "href": "http://localhost:8888/api/book/v1/1067",
                        "type": "DELETE"
                    },
                    "exportPage": {
                        "href": "http://localhost:8888/api/book/v1/exportPage?page=1&size=12&direction=asc",
                        "title": "Export Books",
                        "type": "GET"
                    }
                }
            },
            {
                "id": 1072,
                "author": "Andrew Hunt e David Thomas",
                "launchDate": "1997-06-18T03:00:00.000+00:00",
                "price": 94.82,
                "title": "The Pragmatic Programmer",
                "enabled": true,
                "launch_date": "1997-06-18T03:00:00.000+00:00",
                "_links": {
                    "self": {
                        "href": "http://localhost:8888/api/book/v1/1072",
                        "type": "GET"
                    },
                    "findAll": {
                        "href": "http://localhost:8888/api/book/v1?page=1&size=12&direction=asc",
                        "type": "GET"
                    },
                    "create": {
                        "href": "http://localhost:8888/api/book/v1",
                        "type": "POST"
                    },
                    "update": {
                        "href": "http://localhost:8888/api/book/v1",
                        "type": "PUT"
                    },
                    "disable": {
                        "href": "http://localhost:8888/api/book/v1/1072",
                        "type": "PATCH"
                    },
                    "delete": {
                        "href": "http://localhost:8888/api/book/v1/1072",
                        "type": "DELETE"
                    },
                    "exportPage": {
                        "href": "http://localhost:8888/api/book/v1/exportPage?page=1&size=12&direction=asc",
                        "title": "Export Books",
                        "type": "GET"
                    }
                }
            }
        ]
    },
    "_links": {
        "first": {
            "href": "http://localhost:8888/api/book/v1?direction=author%3A%20ASC&page=0&size=12&sort=author,asc"
        },
        "self": {
            "href": "http://localhost:8888/api/book/v1?page=0&size=12&direction=author%3A%20ASC"
        },
        "next": {
            "href": "http://localhost:8888/api/book/v1?direction=author%3A%20ASC&page=1&size=12&sort=author,asc"
        },
        "last": {
            "href": "http://localhost:8888/api/book/v1?direction=author%3A%20ASC&page=4&size=12&sort=author,asc"
        }
    },
    "page": {
        "size": 12,
        "totalElements": 57,
        "totalPages": 5,
        "number": 0
    }
}
ID: 15 | AUTHOR: Aguinaldo Aragon Fernandes e Vladimir Ferraz de Abreu | TITLE: Implantando a governança de TI | PRICE: 54.0
ID: 16 | AUTHOR: Aguinaldo Aragon Fernandes e Vladimir Ferraz de Abreu | TITLE: Implantando a governança de TI | PRICE: 54.0
ID: 675 | AUTHOR: Aimil Anderton | TITLE: Compatible static encryption | PRICE: 4.99
ID: 181 | AUTHOR: Alejandra Hand | TITLE: Public-key real-time flexibility | PRICE: 6.99
ID: 809 | AUTHOR: Alejandro Queree | TITLE: Synergistic responsive installation | PRICE: 89.99
ID: 554 | AUTHOR: Amandie Karoly | TITLE: Networked fault-tolerant middleware | PRICE: 19.99
ID: 773 | AUTHOR: Andra Tolworthy | TITLE: Business-focused bifurcated matrix | PRICE: 12.99
ID: 429 | AUTHOR: Andras Hoffman | TITLE: User-centric optimizing adapter | PRICE: 12.99
ID: 1026 | AUTHOR: Andrew Hunt e David Thomas | TITLE: The Pragmatic Programmer | PRICE: 115.58
ID: 1094 | AUTHOR: Andrew Hunt e David Thomas | TITLE: The Pragmatic Programmer | PRICE: 149.62
ID: 1067 | AUTHOR: Andrew Hunt e David Thomas | TITLE: The Pragmatic Programmer | PRICE: 105.75
ID: 1072 | AUTHOR: Andrew Hunt e David Thomas | TITLE: The Pragmatic Programmer | PRICE: 94.82
]]></system-out>
  </testcase>
</testsuite>