<?xml version="1.0" encoding="UTF-8"?>
<testsuite xmlns:xsi="http://www.w3.org/2001/XMLSchema-instance" xsi:noNamespaceSchemaLocation="https://maven.apache.org/surefire/maven-surefire-plugin/xsd/surefire-test-report-3.0.xsd" version="3.0" name="com.example.erudio.unittests.mapper.ObjectMapperTests" time="0.017" tests="4" errors="0" skipped="0" failures="0">
  <properties>
[...]
</properties>
  <testcase name="parseEntityToDTOTest" classname="com.example.erudio.unittests.mapper.ObjectMapperTests" time="0.002"/>
  <testcase name="parseDTOToEntityTest" classname="com.example.erudio.unittests.mapper.ObjectMapperTests" time="0.0"/>
  <testcase name="parseEntityListToDTOListTest" classname="com.example.erudio.unittests.mapper.ObjectMapperTests" time="0.005"/>
  <testcase name="parseDTOListToEntityListTest" classname="com.example.erudio.unittests.mapper.ObjectMapperTests" time="0.004"/>
</testsuite>