<?xml version="1.0" encoding="UTF-8"?>
<testsuite xmlns:xsi="http://www.w3.org/2001/XMLSchema-instance" xsi:noNamespaceSchemaLocation="https://maven.apache.org/surefire/maven-surefire-plugin/xsd/surefire-test-report-3.0.xsd" version="3.0" name="com.example.erudio.integrationtests.controllers.withjson.PersonControllerJsonTest" time="1.3" tests="7" errors="0" skipped="0" failures="0">
  <properties>
[...]
</properties>
  <testcase name="createTest" classname="com.example.erudio.integrationtests.controllers.withjson.PersonControllerJsonTest" time="0.199">
    <system-out><![CDATA[2026-08-03T17:23:19.453-03:00  INFO 9368 --- [rest-with-spring-boot-and-java-erudio] [           main] t.c.s.AnnotationConfigContextLoaderUtils : Could not detect default configuration classes for test class [com.example.erudio.integrationtests.testcontainers.AbstractIntegrationTest]: AbstractIntegrationTest does not declare any static, non-private, non-final, nested classes annotated with @Configuration.
2026-08-03T17:23:19.455-03:00  INFO 9368 --- [rest-with-spring-boot-and-java-erudio] [           main] .b.t.c.SpringBootTestContextBootstrapper : Found @SpringBootConfiguration com.example.erudio.Startup for test class com.example.erudio.integrationtests.controllers.withjson.PersonControllerJsonTest
Request method:	POST
Request URI:	http://localhost:8888/api/person/v1
Proxy:			<none>
Request params:	<none>
Query params:	<none>
Form params:	<none>
Path params:	<none>
Headers:		Origin=http://localhost:8080
				Accept=*/*
				Content-Type=application/json
Cookies:		<none>
Multiparts:		<none>
Body:
{
    "id": null,
    "firstName": "Linus",
    "lastName": "Torvalds",
    "address": "Helsinki - Finland",
    "gender": "Male",
    "enabled": true
}
2026-08-03T17:23:19.524-03:00  INFO 9368 --- [rest-with-spring-boot-and-java-erudio] [nio-8888-exec-5] c.e.erudio.services.PersonServices       : Creating one Person!
HTTP/1.1 200 
Vary: Origin
Vary: Access-Control-Request-Method
Vary: Access-Control-Request-Headers
Access-Control-Allow-Origin: http://localhost:8080
Access-Control-Allow-Credentials: true
Content-Type: application/json
Transfer-Encoding: chunked
Date: Mon, 03 Aug 2026 20:23:19 GMT
Keep-Alive: timeout=60
Connection: keep-alive

{
    "id": 1014,
    "firstName": "Linus",
    "lastName": "Torvalds",
    "address": "Helsinki - Finland",
    "gender": "Male",
    "enabled": true,
    "_links": {
        "self": {
            "href": "http://localhost:8888/api/person/v1/1014",
            "type": "GET"
        },
        "findAll": {
            "href": "http://localhost:8888/api/person/v1?page=1&size=12&direction=asc",
            "type": "GET"
        },
        "create": {
            "href": "http://localhost:8888/api/person/v1",
            "type": "POST"
        },
        "update": {
            "href": "http://localhost:8888/api/person/v1",
            "type": "PUT"
        },
        "disable": {
            "href": "http://localhost:8888/api/person/v1/1014",
            "type": "PATCH"
        },
        "delete": {
            "href": "http://localhost:8888/api/person/v1/1014",
            "type": "DELETE"
        }
    }
}
]]></system-out>
  </testcase>
  <testcase name="updateTest" classname="com.example.erudio.integrationtests.controllers.withjson.PersonControllerJsonTest" time="0.293">
    <system-out><![CDATA[Request method:	PUT
Request URI:	http://localhost:8888/api/person/v1
Proxy:			<none>
Request params:	<none>
Query params:	<none>
Form params:	<none>
Path params:	<none>
Headers:		Origin=http://localhost:8080
				Accept=*/*
				Content-Type=application/json
Cookies:		<none>
Multiparts:		<none>
Body:
{
    "id": 1014,
    "firstName": "Linus",
    "lastName": "Benedict Torvalds",
    "address": "Helsinki - Finland",
    "gender": "Male",
    "enabled": true
}
2026-08-03T17:23:19.684-03:00  INFO 9368 --- [rest-with-spring-boot-and-java-erudio] [nio-8888-exec-7] c.e.erudio.services.PersonServices       : Updating one Person!
HTTP/1.1 200 
Vary: Origin
Vary: Access-Control-Request-Method
Vary: Access-Control-Request-Headers
Access-Control-Allow-Origin: http://localhost:8080
Access-Control-Allow-Credentials: true
Content-Type: application/json
Transfer-Encoding: chunked
Date: Mon, 03 Aug 2026 20:23:19 GMT
Keep-Alive: timeout=60
Connection: keep-alive

{
    "id": 1014,
    "firstName": "Linus",
    "lastName": "Benedict Torvalds",
    "address": "Helsinki - Finland",
    "gender": "Male",
    "enabled": true,
    "_links": {
        "self": {
            "href": "http://localhost:8888/api/person/v1/1014",
            "type": "GET"
        },
        "findAll": {
            "href": "http://localhost:8888/api/person/v1?page=1&size=12&direction=asc",
            "type": "GET"
        },
        "create": {
            "href": "http://localhost:8888/api/person/v1",
            "type": "POST"
        },
        "update": {
            "href": "http://localhost:8888/api/person/v1",
            "type": "PUT"
        },
        "disable": {
            "href": "http://localhost:8888/api/person/v1/1014",
            "type": "PATCH"
        },
        "delete": {
            "href": "http://localhost:8888/api/person/v1/1014",
            "type": "DELETE"
        }
    }
}
]]></system-out>
  </testcase>
  <testcase name="findByIdTest" classname="com.example.erudio.integrationtests.controllers.withjson.PersonControllerJsonTest" time="0.035">
    <system-out><![CDATA[Request method:	GET
Request URI:	http://localhost:8888/api/person/v1/1014
Proxy:			<none>
Request params:	<none>
Query params:	<none>
Form params:	<none>
Path params:	id=1014
Headers:		Origin=http://localhost:8080
				Accept=*/*
				Content-Type=application/json
Cookies:		<none>
Multiparts:		<none>
Body:			<none>
2026-08-03T17:23:19.970-03:00  INFO 9368 --- [rest-with-spring-boot-and-java-erudio] [nio-8888-exec-8] c.e.erudio.services.PersonServices       : Finding one Person!
HTTP/1.1 200 
Vary: Origin
Vary: Access-Control-Request-Method
Vary: Access-Control-Request-Headers
Access-Control-Allow-Origin: http://localhost:8080
Access-Control-Allow-Credentials: true
Content-Type: application/json
Transfer-Encoding: chunked
Date: Mon, 03 Aug 2026 20:23:19 GMT
Keep-Alive: timeout=60
Connection: keep-alive

{
    "id": 1014,
    "firstName": "Linus",
    "lastName": "Benedict Torvalds",
    "address": "Helsinki - Finland",
    "gender": "Male",
    "enabled": true,
    "_links": {
        "self": {
            "href": "http://localhost:8888/api/person/v1/1014",
            "type": "GET"
        },
        "findAll": {
            "href": "http://localhost:8888/api/person/v1?page=1&size=12&direction=asc",
            "type": "GET"
        },
        "create": {
            "href": "http://localhost:8888/api/person/v1",
            "type": "POST"
        },
        "update": {
            "href": "http://localhost:8888/api/person/v1",
            "type": "PUT"
        },
        "disable": {
            "href": "http://localhost:8888/api/person/v1/1014",
            "type": "PATCH"
        },
        "delete": {
            "href": "http://localhost:8888/api/person/v1/1014",
            "type": "DELETE"
        }
    }
}
]]></system-out>
  </testcase>
  <testcase name="disableTest" classname="com.example.erudio.integrationtests.controllers.withjson.PersonControllerJsonTest" time="0.363">
    <system-out><![CDATA[Request method:	PATCH
Request URI:	http://localhost:8888/api/person/v1/1014
Proxy:			<none>
Request params:	<none>
Query params:	<none>
Form params:	<none>
Path params:	id=1014
Headers:		Origin=http://localhost:8080
				Accept=*/*
				Content-Type=application/json
Cookies:		<none>
Multiparts:		<none>
Body:			<none>
2026-08-03T17:23:20.008-03:00  INFO 9368 --- [rest-with-spring-boot-and-java-erudio] [io-8888-exec-10] c.e.erudio.services.PersonServices       : Disabling one Person!
HTTP/1.1 200 
Vary: Origin
Vary: Access-Control-Request-Method
Vary: Access-Control-Request-Headers
Access-Control-Allow-Origin: http://localhost:8080
Access-Control-Allow-Credentials: true
Content-Type: application/json
Transfer-Encoding: chunked
Date: Mon, 03 Aug 2026 20:23:20 GMT
Keep-Alive: timeout=60
Connection: keep-alive

{
    "id": 1014,
    "firstName": "Linus",
    "lastName": "Benedict Torvalds",
    "address": "Helsinki - Finland",
    "gender": "Male",
    "enabled": false,
    "_links": {
        "self": {
            "href": "http://localhost:8888/api/person/v1/1014",
            "type": "GET"
        },
        "findAll": {
            "href": "http://localhost:8888/api/person/v1?page=1&size=12&direction=asc",
            "type": "GET"
        },
        "create": {
            "href": "http://localhost:8888/api/person/v1",
            "type": "POST"
        },
        "update": {
            "href": "http://localhost:8888/api/person/v1",
            "type": "PUT"
        },
        "disable": {
            "href": "http://localhost:8888/api/person/v1/1014",
            "type": "PATCH"
        },
        "delete": {
            "href": "http://localhost:8888/api/person/v1/1014",
            "type": "DELETE"
        }
    }
}
]]></system-out>
  </testcase>
  <testcase name="deleteTest" classname="com.example.erudio.integrationtests.controllers.withjson.PersonControllerJsonTest" time="0.176">
    <system-out><![CDATA[Request method:	DELETE
Request URI:	http://localhost:8888/api/person/v1/1014
Proxy:			<none>
Request params:	<none>
Query params:	<none>
Form params:	<none>
Path params:	id=1014
Headers:		Origin=http://localhost:8080
				Accept=*/*
Cookies:		<none>
Multiparts:		<none>
Body:			<none>
2026-08-03T17:23:20.370-03:00  INFO 9368 --- [rest-with-spring-boot-and-java-erudio] [nio-8888-exec-9] c.e.erudio.services.PersonServices       : Deleting one Person!
HTTP/1.1 204 
Vary: Origin
Vary: Access-Control-Request-Method
Vary: Access-Control-Request-Headers
Access-Control-Allow-Origin: http://localhost:8080
Access-Control-Allow-Credentials: true
Date: Mon, 03 Aug 2026 20:23:20 GMT
Keep-Alive: timeout=60
Connection: keep-alive
]]></system-out>
  </testcase>
  <testcase name="findAllTest" classname="com.example.erudio.integrationtests.controllers.withjson.PersonControllerJsonTest" time="0.133">
    <system-out><![CDATA[Request method:	GET
Request URI:	http://localhost:8888/api/person/v1?page=3&size=12&direction=asc
Proxy:			<none>
Request params:	<none>
Query params:	page=3
				size=12
				direction=asc
Form params:	<none>
Path params:	<none>
Headers:		Origin=http://localhost:8080
				Accept=application/json
Cookies:		<none>
Multiparts:		<none>
Body:			<none>
2026-08-03T17:23:20.556-03:00  INFO 9368 --- [rest-with-spring-boot-and-java-erudio] [nio-8888-exec-6] c.e.erudio.services.PersonServices       : Finding all Persons
HTTP/1.1 200 
Vary: Origin
Vary: Access-Control-Request-Method
Vary: Access-Control-Request-Headers
Access-Control-Allow-Origin: http://localhost:8080
Access-Control-Allow-Credentials: true
Content-Type: application/json
Transfer-Encoding: chunked
Date: Mon, 03 Aug 2026 20:23:20 GMT
Keep-Alive: timeout=60
Connection: keep-alive

{
    "_embedded": {
        "people": [
            {
                "id": 450,
                "firstName": "Aloise",
                "lastName": "Galletley",
                "address": "Apt 512",
                "gender": "Female",
                "enabled": false,
                "_links": {
                    "self": {
                        "href": "http://localhost:8888/api/person/v1/450",
                        "type": "GET"
                    },
                    "findAll": {
                        "href": "http://localhost:8888/api/person/v1?page=1&size=12&direction=asc",
                        "type": "GET"
                    },
                    "create": {
                        "href": "http://localhost:8888/api/person/v1",
                        "type": "POST"
                    },
                    "update": {
                        "href": "http://localhost:8888/api/person/v1",
                        "type": "PUT"
                    },
                    "disable": {
                        "href": "http://localhost:8888/api/person/v1/450",
                        "type": "PATCH"
                    },
                    "delete": {
                        "href": "http://localhost:8888/api/person/v1/450",
                        "type": "DELETE"
                    }
                }
            },
            {
                "id": 976,
                "firstName": "Aloysia",
                "lastName": "Faunch",
                "address": "PO Box 56527",
                "gender": "Female",
                "enabled": true,
                "_links": {
                    "self": {
                        "href": "http://localhost:8888/api/person/v1/976",
                        "type": "GET"
                    },
                    "findAll": {
                        "href": "http://localhost:8888/api/person/v1?page=1&size=12&direction=asc",
                        "type": "GET"
                    },
                    "create": {
                        "href": "http://localhost:8888/api/person/v1",
                        "type": "POST"
                    },
                    "update": {
                        "href": "http://localhost:8888/api/person/v1",
                        "type": "PUT"
                    },
                    "disable": {
                        "href": "http://localhost:8888/api/person/v1/976",
                        "type": "PATCH"
                    },
                    "delete": {
                        "href": "http://localhost:8888/api/person/v1/976",
                        "type": "DELETE"
                    }
                }
            },
            {
                "id": 387,
                "firstName": "Aluino",
                "lastName": "Kerswell",
                "address": "Room 1042",
                "gender": "Male",
                "enabled": false,
                "_links": {
                    "self": {
                        "href": "http://localhost:8888/api/person/v1/387",
                        "type": "GET"
                    },
                    "findAll": {
                        "href": "http://localhost:8888/api/person/v1?page=1&size=12&direction=asc",
                        "type": "GET"
                    },
                    "create": {
                        "href": "http://localhost:8888/api/person/v1",
                        "type": "POST"
                    },
                    "update": {
                        "href": "http://localhost:8888/api/person/v1",
                        "type": "PUT"
                    },
                    "disable": {
                        "href": "http://localhost:8888/api/person/v1/387",
                        "type": "PATCH"
                    },
                    "delete": {
                        "href": "http://localhost:8888/api/person/v1/387",
                        "type": "DELETE"
                    }
                }
            },
            {
                "id": 981,
                "firstName": "Alvan",
                "lastName": "Redwood",
                "address": "4th Floor",
                "gender": "Male",
                "enabled": false,
                "_links": {
                    "self": {
                        "href": "http://localhost:8888/api/person/v1/981",
                        "type": "GET"
                    },
                    "findAll": {
                        "href": "http://localhost:8888/api/person/v1?page=1&size=12&direction=asc",
                        "type": "GET"
                    },
                    "create": {
                        "href": "http://localhost:8888/api/person/v1",
                        "type": "POST"
                    },
                    "update": {
                        "href": "http://localhost:8888/api/person/v1",
                        "type": "PUT"
                    },
                    "disable": {
                        "href": "http://localhost:8888/api/person/v1/981",
                        "type": "PATCH"
                    },
                    "delete": {
                        "href": "http://localhost:8888/api/person/v1/981",
                        "type": "DELETE"
                    }
                }
            },
            {
                "id": 281,
                "firstName": "Amata",
                "lastName": "Karslake",
                "address": "Suite 97",
                "gender": "Female",
                "enabled": false,
                "_links": {
                    "self": {
                        "href": "http://localhost:8888/api/person/v1/281",
                        "type": "GET"
                    },
                    "findAll": {
                        "href": "http://localhost:8888/api/person/v1?page=1&size=12&direction=asc",
                        "type": "GET"
                    },
                    "create": {
                        "href": "http://localhost:8888/api/person/v1",
                        "type": "POST"
                    },
                    "update": {
                        "href": "http://localhost:8888/api/person/v1",
                        "type": "PUT"
                    },
                    "disable": {
                        "href": "http://localhost:8888/api/person/v1/281",
                        "type": "PATCH"
                    },
                    "delete": {
                        "href": "http://localhost:8888/api/person/v1/281",
                        "type": "DELETE"
                    }
                }
            },
            {
                "id": 573,
                "firstName": "Ambrosi",
                "lastName": "Discombe",
                "address": "PO Box 43983",
                "gender": "Male",
                "enabled": true,
                "_links": {
                    "self": {
                        "href": "http://localhost:8888/api/person/v1/573",
                        "type": "GET"
                    },
                    "findAll": {
                        "href": "http://localhost:8888/api/person/v1?page=1&size=12&direction=asc",
                        "type": "GET"
                    },
                    "create": {
                        "href": "http://localhost:8888/api/person/v1",
                        "type": "POST"
                    },
                    "update": {
                        "href": "http://localhost:8888/api/person/v1",
                        "type": "PUT"
                    },
                    "disable": {
                        "href": "http://localhost:8888/api/person/v1/573",
                        "type": "PATCH"
                    },
                    "delete": {
                        "href": "http://localhost:8888/api/person/v1/573",
                        "type": "DELETE"
                    }
                }
            },
            {
                "id": 591,
                "firstName": "Ambrosio",
                "lastName": "Kornyshev",
                "address": "PO Box 91463",
                "gender": "Male",
                "enabled": true,
                "_links": {
                    "self": {
                        "href": "http://localhost:8888/api/person/v1/591",
                        "type": "GET"
                    },
                    "findAll": {
                        "href": "http://localhost:8888/api/person/v1?page=1&size=12&direction=asc",
                        "type": "GET"
                    },
                    "create": {
                        "href": "http://localhost:8888/api/person/v1",
                        "type": "POST"
                    },
                    "update": {
                        "href": "http://localhost:8888/api/person/v1",
                        "type": "PUT"
                    },
                    "disable": {
                        "href": "http://localhost:8888/api/person/v1/591",
                        "type": "PATCH"
                    },
                    "delete": {
                        "href": "http://localhost:8888/api/person/v1/591",
                        "type": "DELETE"
                    }
                }
            },
            {
                "id": 707,
                "firstName": "Ambrosius",
                "lastName": "Thompstone",
                "address": "Apt 250",
                "gender": "Male",
                "enabled": false,
                "_links": {
                    "self": {
                        "href": "http://localhost:8888/api/person/v1/707",
                        "type": "GET"
                    },
                    "findAll": {
                        "href": "http://localhost:8888/api/person/v1?page=1&size=12&direction=asc",
                        "type": "GET"
                    },
                    "create": {
                        "href": "http://localhost:8888/api/person/v1",
                        "type": "POST"
                    },
                    "update": {
                        "href": "http://localhost:8888/api/person/v1",
                        "type": "PUT"
                    },
                    "disable": {
                        "href": "http://localhost:8888/api/person/v1/707",
                        "type": "PATCH"
                    },
                    "delete": {
                        "href": "http://localhost:8888/api/person/v1/707",
                        "type": "DELETE"
                    }
                }
            },
            {
                "id": 261,
                "firstName": "Amos",
                "lastName": "Collelton",
                "address": "Room 844",
                "gender": "Male",
                "enabled": true,
                "_links": {
                    "self": {
                        "href": "http://localhost:8888/api/person/v1/261",
                        "type": "GET"
                    },
                    "findAll": {
                        "href": "http://localhost:8888/api/person/v1?page=1&size=12&direction=asc",
                        "type": "GET"
                    },
                    "create": {
                        "href": "http://localhost:8888/api/person/v1",
                        "type": "POST"
                    },
                    "update": {
                        "href": "http://localhost:8888/api/person/v1",
                        "type": "PUT"
                    },
                    "disable": {
                        "href": "http://localhost:8888/api/person/v1/261",
                        "type": "PATCH"
                    },
                    "delete": {
                        "href": "http://localhost:8888/api/person/v1/261",
                        "type": "DELETE"
                    }
                }
            },
            {
                "id": 895,
                "firstName": "Anabella",
                "lastName": "Fazackerley",
                "address": "PO Box 72782",
                "gender": "Female",
                "enabled": false,
                "_links": {
                    "self": {
                        "href": "http://localhost:8888/api/person/v1/895",
                        "type": "GET"
                    },
                    "findAll": {
                        "href": "http://localhost:8888/api/person/v1?page=1&size=12&direction=asc",
                        "type": "GET"
                    },
                    "create": {
                        "href": "http://localhost:8888/api/person/v1",
                        "type": "POST"
                    },
                    "update": {
                        "href": "http://localhost:8888/api/person/v1",
                        "type": "PUT"
                    },
                    "disable": {
                        "href": "http://localhost:8888/api/person/v1/895",
                        "type": "PATCH"
                    },
                    "delete": {
                        "href": "http://localhost:8888/api/person/v1/895",
                        "type": "DELETE"
                    }
                }
            },
            {
                "id": 628,
                "firstName": "Anallese",
                "lastName": "MacQueen",
                "address": "Room 887",
                "gender": "Female",
                "enabled": true,
                "_links": {
                    "self": {
                        "href": "http://localhost:8888/api/person/v1/628",
                        "type": "GET"
                    },
                    "findAll": {
                        "href": "http://localhost:8888/api/person/v1?page=1&size=12&direction=asc",
                        "type": "GET"
                    },
                    "create": {
                        "href": "http://localhost:8888/api/person/v1",
                        "type": "POST"
                    },
                    "update": {
                        "href": "http://localhost:8888/api/person/v1",
                        "type": "PUT"
                    },
                    "disable": {
                        "href": "http://localhost:8888/api/person/v1/628",
                        "type": "PATCH"
                    },
                    "delete": {
                        "href": "http://localhost:8888/api/person/v1/628",
                        "type": "DELETE"
                    }
                }
            },
            {
                "id": 375,
                "firstName": "Andre",
                "lastName": "Rosenstengel",
                "address": "Room 1101",
                "gender": "Male",
                "enabled": false,
                "_links": {
                    "self": {
                        "href": "http://localhost:8888/api/person/v1/375",
                        "type": "GET"
                    },
                    "findAll": {
                        "href": "http://localhost:8888/api/person/v1?page=1&size=12&direction=asc",
                        "type": "GET"
                    },
                    "create": {
                        "href": "http://localhost:8888/api/person/v1",
                        "type": "POST"
                    },
                    "update": {
                        "href": "http://localhost:8888/api/person/v1",
                        "type": "PUT"
                    },
                    "disable": {
                        "href": "http://localhost:8888/api/person/v1/375",
                        "type": "PATCH"
                    },
                    "delete": {
                        "href": "http://localhost:8888/api/person/v1/375",
                        "type": "DELETE"
                    }
                }
            }
        ]
    },
    "_links": {
        "first": {
            "href": "http://localhost:8888/api/person/v1?direction=firstName%3A%20ASC&page=0&size=12&sort=firstName,asc"
        },
        "prev": {
            "href": "http://localhost:8888/api/person/v1?direction=firstName%3A%20ASC&page=2&size=12&sort=firstName,asc"
        },
        "self": {
            "href": "http://localhost:8888/api/person/v1?page=3&size=12&direction=firstName%3A%20ASC"
        },
        "next": {
            "href": "http://localhost:8888/api/person/v1?direction=firstName%3A%20ASC&page=4&size=12&sort=firstName,asc"
        },
        "last": {
            "href": "http://localhost:8888/api/person/v1?direction=firstName%3A%20ASC&page=84&size=12&sort=firstName,asc"
        }
    },
    "page": {
        "size": 12,
        "totalElements": 1009,
        "totalPages": 85,
        "number": 3
    }
}
]]></system-out>
  </testcase>
  <testcase name="findByNameTest" classname="com.example.erudio.integrationtests.controllers.withjson.PersonControllerJsonTest" time="0.084">
    <system-out><![CDATA[Request method:	GET
Request URI:	http://localhost:8888/api/person/v1/findPeopleByName/and?page=0&size=12&direction=asc
Proxy:			<none>
Request params:	<none>
Query params:	page=0
				size=12
				direction=asc
Form params:	<none>
Path params:	firstName=and
Headers:		Origin=http://localhost:8080
				Accept=application/json
Cookies:		<none>
Multiparts:		<none>
Body:			<none>
2026-08-03T17:23:20.686-03:00  INFO 9368 --- [rest-with-spring-boot-and-java-erudio] [io-8888-exec-13] c.e.erudio.services.PersonServices       : Finding People by name
HTTP/1.1 200 
Vary: Origin
Vary: Access-Control-Request-Method
Vary: Access-Control-Request-Headers
Access-Control-Allow-Origin: http://localhost:8080
Access-Control-Allow-Credentials: true
Content-Type: application/json
Transfer-Encoding: chunked
Date: Mon, 03 Aug 2026 20:23:20 GMT
Keep-Alive: timeout=60
Connection: keep-alive

{
    "_embedded": {
        "people": [
            {
                "id": 482,
                "firstName": "Alejandro",
                "lastName": "Weymouth",
                "address": "Room 1522",
                "gender": "Male",
                "enabled": false,
                "_links": {
                    "self": {
                        "href": "http://localhost:8888/api/person/v1/482",
                        "type": "GET"
                    },
                    "findAll": {
                        "href": "http://localhost:8888/api/person/v1?page=1&size=12&direction=asc",
                        "type": "GET"
                    },
                    "create": {
                        "href": "http://localhost:8888/api/person/v1",
                        "type": "POST"
                    },
                    "update": {
                        "href": "http://localhost:8888/api/person/v1",
                        "type": "PUT"
                    },
                    "disable": {
                        "href": "http://localhost:8888/api/person/v1/482",
                        "type": "PATCH"
                    },
                    "delete": {
                        "href": "http://localhost:8888/api/person/v1/482",
                        "type": "DELETE"
                    }
                }
            },
            {
                "id": 375,
                "firstName": "Andre",
                "lastName": "Rosenstengel",
                "address": "Room 1101",
                "gender": "Male",
                "enabled": false,
                "_links": {
                    "self": {
                        "href": "http://localhost:8888/api/person/v1/375",
                        "type": "GET"
                    },
                    "findAll": {
                        "href": "http://localhost:8888/api/person/v1?page=1&size=12&direction=asc",
                        "type": "GET"
                    },
                    "create": {
                        "href": "http://localhost:8888/api/person/v1",
                        "type": "POST"
                    },
                    "update": {
                        "href": "http://localhost:8888/api/person/v1",
                        "type": "PUT"
                    },
                    "disable": {
                        "href": "http://localhost:8888/api/person/v1/375",
                        "type": "PATCH"
                    },
                    "delete": {
                        "href": "http://localhost:8888/api/person/v1/375",
                        "type": "DELETE"
                    }
                }
            },
            {
                "id": 186,
                "firstName": "Andreas",
                "lastName": "Glasspool",
                "address": "Room 313",
                "gender": "Male",
                "enabled": true,
                "_links": {
                    "self": {
                        "href": "http://localhost:8888/api/person/v1/186",
                        "type": "GET"
                    },
                    "findAll": {
                        "href": "http://localhost:8888/api/person/v1?page=1&size=12&direction=asc",
                        "type": "GET"
                    },
                    "create": {
                        "href": "http://localhost:8888/api/person/v1",
                        "type": "POST"
                    },
                    "update": {
                        "href": "http://localhost:8888/api/person/v1",
                        "type": "PUT"
                    },
                    "disable": {
                        "href": "http://localhost:8888/api/person/v1/186",
                        "type": "PATCH"
                    },
                    "delete": {
                        "href": "http://localhost:8888/api/person/v1/186",
                        "type": "DELETE"
                    }
                }
            },
            {
                "id": 344,
                "firstName": "Andree",
                "lastName": "Caldera",
                "address": "Room 1037",
                "gender": "Female",
                "enabled": false,
                "_links": {
                    "self": {
                        "href": "http://localhost:8888/api/person/v1/344",
                        "type": "GET"
                    },
                    "findAll": {
                        "href": "http://localhost:8888/api/person/v1?page=1&size=12&direction=asc",
                        "type": "GET"
                    },
                    "create": {
                        "href": "http://localhost:8888/api/person/v1",
                        "type": "POST"
                    },
                    "update": {
                        "href": "http://localhost:8888/api/person/v1",
                        "type": "PUT"
                    },
                    "disable": {
                        "href": "http://localhost:8888/api/person/v1/344",
                        "type": "PATCH"
                    },
                    "delete": {
                        "href": "http://localhost:8888/api/person/v1/344",
                        "type": "DELETE"
                    }
                }
            },
            {
                "id": 755,
                "firstName": "Andy",
                "lastName": "Salvage",
                "address": "10th Floor",
                "gender": "Female",
                "enabled": false,
                "_links": {
                    "self": {
                        "href": "http://localhost:8888/api/person/v1/755",
                        "type": "GET"
                    },
                    "findAll": {
                        "href": "http://localhost:8888/api/person/v1?page=1&size=12&direction=asc",
                        "type": "GET"
                    },
                    "create": {
                        "href": "http://localhost:8888/api/person/v1",
                        "type": "POST"
                    },
                    "update": {
                        "href": "http://localhost:8888/api/person/v1",
                        "type": "PUT"
                    },
                    "disable": {
                        "href": "http://localhost:8888/api/person/v1/755",
                        "type": "PATCH"
                    },
                    "delete": {
                        "href": "http://localhost:8888/api/person/v1/755",
                        "type": "DELETE"
                    }
                }
            },
            {
                "id": 564,
                "firstName": "Brandy",
                "lastName": "Baccup",
                "address": "Room 347",
                "gender": "Male",
                "enabled": true,
                "_links": {
                    "self": {
                        "href": "http://localhost:8888/api/person/v1/564",
                        "type": "GET"
                    },
                    "findAll": {
                        "href": "http://localhost:8888/api/person/v1?page=1&size=12&direction=asc",
                        "type": "GET"
                    },
                    "create": {
                        "href": "http://localhost:8888/api/person/v1",
                        "type": "POST"
                    },
                    "update": {
                        "href": "http://localhost:8888/api/person/v1",
                        "type": "PUT"
                    },
                    "disable": {
                        "href": "http://localhost:8888/api/person/v1/564",
                        "type": "PATCH"
                    },
                    "delete": {
                        "href": "http://localhost:8888/api/person/v1/564",
                        "type": "DELETE"
                    }
                }
            },
            {
                "id": 928,
                "firstName": "Candra",
                "lastName": "Dobrowlski",
                "address": "1st Floor",
                "gender": "Female",
                "enabled": false,
                "_links": {
                    "self": {
                        "href": "http://localhost:8888/api/person/v1/928",
                        "type": "GET"
                    },
                    "findAll": {
                        "href": "http://localhost:8888/api/person/v1?page=1&size=12&direction=asc",
                        "type": "GET"
                    },
                    "create": {
                        "href": "http://localhost:8888/api/person/v1",
                        "type": "POST"
                    },
                    "update": {
                        "href": "http://localhost:8888/api/person/v1",
                        "type": "PUT"
                    },
                    "disable": {
                        "href": "http://localhost:8888/api/person/v1/928",
                        "type": "PATCH"
                    },
                    "delete": {
                        "href": "http://localhost:8888/api/person/v1/928",
                        "type": "DELETE"
                    }
                }
            },
            {
                "id": 48,
                "firstName": "Manda",
                "lastName": "Chatto",
                "address": "PO Box 57131",
                "gender": "Female",
                "enabled": true,
                "_links": {
                    "self": {
                        "href": "http://localhost:8888/api/person/v1/48",
                        "type": "GET"
                    },
                    "findAll": {
                        "href": "http://localhost:8888/api/person/v1?page=1&size=12&direction=asc",
                        "type": "GET"
                    },
                    "create": {
                        "href": "http://localhost:8888/api/person/v1",
                        "type": "POST"
                    },
                    "update": {
                        "href": "http://localhost:8888/api/person/v1",
                        "type": "PUT"
                    },
                    "disable": {
                        "href": "http://localhost:8888/api/person/v1/48",
                        "type": "PATCH"
                    },
                    "delete": {
                        "href": "http://localhost:8888/api/person/v1/48",
                        "type": "DELETE"
                    }
                }
            },
            {
                "id": 185,
                "firstName": "Mandie",
                "lastName": "Buy",
                "address": "Room 1398",
                "gender": "Female",
                "enabled": true,
                "_links": {
                    "self": {
                        "href": "http://localhost:8888/api/person/v1/185",
                        "type": "GET"
                    },
                    "findAll": {
                        "href": "http://localhost:8888/api/person/v1?page=1&size=12&direction=asc",
                        "type": "GET"
                    },
                    "create": {
                        "href": "http://localhost:8888/api/person/v1",
                        "type": "POST"
                    },
                    "update": {
                        "href": "http://localhost:8888/api/person/v1",
                        "type": "PUT"
                    },
                    "disable": {
                        "href": "http://localhost:8888/api/person/v1/185",
                        "type": "PATCH"
                    },
                    "delete": {
                        "href": "http://localhost:8888/api/person/v1/185",
                        "type": "DELETE"
                    }
                }
            },
            {
                "id": 549,
                "firstName": "Normand",
                "lastName": "Lumbers",
                "address": "Room 1964",
                "gender": "Male",
                "enabled": true,
                "_links": {
                    "self": {
                        "href": "http://localhost:8888/api/person/v1/549",
                        "type": "GET"
                    },
                    "findAll": {
                        "href": "http://localhost:8888/api/person/v1?page=1&size=12&direction=asc",
                        "type": "GET"
                    },
                    "create": {
                        "href": "http://localhost:8888/api/person/v1",
                        "type": "POST"
                    },
                    "update": {
                        "href": "http://localhost:8888/api/person/v1",
                        "type": "PUT"
                    },
                    "disable": {
                        "href": "http://localhost:8888/api/person/v1/549",
                        "type": "PATCH"
                    },
                    "delete": {
                        "href": "http://localhost:8888/api/person/v1/549",
                        "type": "DELETE"
                    }
                }
            },
            {
                "id": 963,
                "firstName": "Sutherland",
                "lastName": "Kleiser",
                "address": "Apt 746",
                "gender": "Male",
                "enabled": true,
                "_links": {
                    "self": {
                        "href": "http://localhost:8888/api/person/v1/963",
                        "type": "GET"
                    },
                    "findAll": {
                        "href": "http://localhost:8888/api/person/v1?page=1&size=12&direction=asc",
                        "type": "GET"
                    },
                    "create": {
                        "href": "http://localhost:8888/api/person/v1",
                        "type": "POST"
                    },
                    "update": {
                        "href": "http://localhost:8888/api/person/v1",
                        "type": "PUT"
                    },
                    "disable": {
                        "href": "http://localhost:8888/api/person/v1/963",
                        "type": "PATCH"
                    },
                    "delete": {
                        "href": "http://localhost:8888/api/person/v1/963",
                        "type": "DELETE"
                    }
                }
            }
        ]
    },
    "_links": {
        "self": {
            "href": "http://localhost:8888/api/person/v1?page=0&size=12&direction=firstName%3A%20ASC"
        }
    },
    "page": {
        "size": 12,
        "totalElements": 11,
        "totalPages": 1,
        "number": 0
    }
}
]]></system-out>
  </testcase>
</testsuite>